0 verbose cli C:\Program Files\nodejs\node.exe C:\Users\yr103482\AppData\Roaming\npm\node_modules\npm\bin\npm-cli.js
1 info using npm@10.8.3
2 info using node@v20.16.0
3 silly config load:file:C:\Users\yr103482\AppData\Roaming\npm\node_modules\npm\npmrc
4 silly config load:file:C:\prestaclub\frontend\Sistema-Prestaclub-v2-FRONTEND-main\.npmrc
5 silly config load:file:C:\Users\yr103482\.npmrc
6 silly config load:file:C:\Users\yr103482\AppData\Roaming\npm\etc\npmrc
7 verbose title npm ls @scarf/scarf
8 verbose argv "ls" "@scarf/scarf" "--json" "--long"
9 verbose logfile logs-max:10 dir:C:\prestaclub\frontend\Sistema-Prestaclub-v2-FRONTEND-main\.npm\_logs\2024-09-10T16_59_47_119Z-
10 verbose logfile C:\prestaclub\frontend\Sistema-Prestaclub-v2-FRONTEND-main\.npm\_logs\2024-09-10T16_59_47_119Z-debug-0.log
11 silly packumentCache heap:4345298944 maxSize:1086324736 maxEntrySize:543162368
12 silly logfile done cleaning log files
13 verbose cwd C:\prestaclub\frontend\Sistema-Prestaclub-v2-FRONTEND-main
14 verbose os Windows_NT 10.0.22631
15 verbose node v20.16.0
16 verbose npm  v10.8.3
17 verbose exit 0
18 info ok
19 error A complete log of this run can be found in: C:\prestaclub\frontend\Sistema-Prestaclub-v2-FRONTEND-main\.npm\_logs\2024-09-10T16_59_47_119Z-debug-0.log
