0 verbose cli C:\Program Files\nodejs\node.exe C:\Users\yr103482\AppData\Roaming\npm\node_modules\npm\bin\npm-cli.js
1 info using npm@10.8.3
2 info using node@v20.16.0
3 silly config load:file:C:\Users\yr103482\AppData\Roaming\npm\node_modules\npm\npmrc
4 silly config load:file:C:\prestaclub\frontend\Sistema-Prestaclub-v2-FRONTEND-main\.npmrc
5 silly config load:file:C:\Users\yr103482\.npmrc
6 silly config load:file:C:\Users\yr103482\AppData\Roaming\npm\etc\npmrc
7 verbose title npm ci
8 verbose argv "ci" "--cache" ".npm" "--prefer-offline"
9 verbose logfile logs-max:10 dir:C:\prestaclub\frontend\Sistema-Prestaclub-v2-FRONTEND-main\.npm\_logs\2024-09-10T17_02_16_010Z-
10 verbose logfile C:\prestaclub\frontend\Sistema-Prestaclub-v2-FRONTEND-main\.npm\_logs\2024-09-10T17_02_16_010Z-debug-0.log
11 silly packumentCache heap:4345298944 maxSize:1086324736 maxEntrySize:543162368
12 silly logfile done cleaning log files
13 silly idealTree buildDeps
14 silly reify moves {}
15 silly audit bulk request {
15 silly audit   '@ampproject/remapping': [ '2.3.0' ],
15 silly audit   '@angular-devkit/architect': [ '0.1802.3', '0.1800.7' ],
15 silly audit   '@angular-devkit/build-angular': [ '18.2.3' ],
15 silly audit   '@angular-devkit/build-webpack': [ '0.1802.3' ],
15 silly audit   '@angular-devkit/core': [ '18.2.3', '18.0.7' ],
15 silly audit   '@angular-devkit/schematics': [ '18.0.7' ],
15 silly audit   ajv: [ '8.13.0', '8.17.1', '6.12.6' ],
15 silly audit   'jsonc-parser': [ '3.2.1', '3.3.1' ],
15 silly audit   'magic-string': [ '0.30.10', '0.30.11' ],
15 silly audit   '@angular/animations': [ '18.2.0' ],
15 silly audit   '@angular/build': [ '18.2.3' ],
15 silly audit   '@angular/cdk': [ '18.2.0' ],
15 silly audit   '@angular/cli': [ '18.0.7' ],
15 silly audit   semver: [ '7.6.2', '6.3.1', '5.7.2', '7.6.3' ],
15 silly audit   '@angular/common': [ '18.2.0' ],
15 silly audit   '@angular/compiler': [ '18.2.0' ],
15 silly audit   '@angular/compiler-cli': [ '18.2.0' ],
15 silly audit   '@angular/core': [ '18.2.0' ],
15 silly audit   '@angular/forms': [ '18.2.0' ],
15 silly audit   '@angular/language-service': [ '18.2.0' ],
15 silly audit   '@angular/localize': [ '18.2.0' ],
15 silly audit   '@angular/platform-browser': [ '18.2.0' ],
15 silly audit   '@angular/platform-browser-dynamic': [ '18.2.0' ],
15 silly audit   '@angular/router': [ '18.2.0' ],
15 silly audit   '@babel/code-frame': [ '7.24.7' ],
15 silly audit   '@babel/compat-data': [ '7.25.2' ],
15 silly audit   '@babel/core': [ '7.25.2' ],
15 silly audit   'convert-source-map': [ '2.0.0', '1.9.0' ],
15 silly audit   '@babel/generator': [ '7.25.0' ],
15 silly audit   '@babel/helper-annotate-as-pure': [ '7.24.7' ],
15 silly audit   '@babel/helper-builder-binary-assignment-operator-visitor': [ '7.24.7' ],
15 silly audit   '@babel/helper-compilation-targets': [ '7.25.2' ],
15 silly audit   '@babel/helper-create-class-features-plugin': [ '7.25.0' ],
15 silly audit   '@babel/helper-create-regexp-features-plugin': [ '7.25.2' ],
15 silly audit   '@babel/helper-define-polyfill-provider': [ '0.6.2' ],
15 silly audit   '@babel/helper-member-expression-to-functions': [ '7.24.8' ],
15 silly audit   '@babel/helper-module-imports': [ '7.24.7' ],
15 silly audit   '@babel/helper-module-transforms': [ '7.25.2' ],
15 silly audit   '@babel/helper-optimise-call-expression': [ '7.24.7' ],
15 silly audit   '@babel/helper-plugin-utils': [ '7.24.8' ],
15 silly audit   '@babel/helper-remap-async-to-generator': [ '7.25.0' ],
15 silly audit   '@babel/helper-replace-supers': [ '7.25.0' ],
15 silly audit   '@babel/helper-simple-access': [ '7.24.7' ],
15 silly audit   '@babel/helper-skip-transparent-expression-wrappers': [ '7.24.7' ],
15 silly audit   '@babel/helper-split-export-declaration': [ '7.24.7' ],
15 silly audit   '@babel/helper-string-parser': [ '7.24.8' ],
15 silly audit   '@babel/helper-validator-identifier': [ '7.24.7' ],
15 silly audit   '@babel/helper-validator-option': [ '7.24.8' ],
15 silly audit   '@babel/helper-wrap-function': [ '7.25.0' ],
15 silly audit   '@babel/helpers': [ '7.25.0' ],
15 silly audit   '@babel/highlight': [ '7.24.7' ],
15 silly audit   '@babel/parser': [ '7.25.3' ],
15 silly audit   '@babel/plugin-bugfix-firefox-class-in-computed-class-key': [ '7.25.3' ],
15 silly audit   '@babel/plugin-bugfix-safari-class-field-initializer-scope': [ '7.25.0' ],
15 silly audit   '@babel/plugin-bugfix-safari-id-destructuring-collision-in-function-expression': [ '7.25.0' ],
15 silly audit   '@babel/plugin-bugfix-v8-spread-parameters-in-optional-chaining': [ '7.24.7' ],
15 silly audit   '@babel/plugin-bugfix-v8-static-class-fields-redefine-readonly': [ '7.25.0' ],
15 silly audit   '@babel/plugin-proposal-private-property-in-object': [ '7.21.0-placeholder-for-preset-env.2' ],
15 silly audit   '@babel/plugin-syntax-async-generators': [ '7.8.4' ],
15 silly audit   '@babel/plugin-syntax-class-properties': [ '7.12.13' ],
15 silly audit   '@babel/plugin-syntax-class-static-block': [ '7.14.5' ],
15 silly audit   '@babel/plugin-syntax-dynamic-import': [ '7.8.3' ],
15 silly audit   '@babel/plugin-syntax-export-namespace-from': [ '7.8.3' ],
15 silly audit   '@babel/plugin-syntax-import-assertions': [ '7.24.7' ],
15 silly audit   '@babel/plugin-syntax-import-attributes': [ '7.24.7' ],
15 silly audit   '@babel/plugin-syntax-import-meta': [ '7.10.4' ],
15 silly audit   '@babel/plugin-syntax-json-strings': [ '7.8.3' ],
15 silly audit   '@babel/plugin-syntax-logical-assignment-operators': [ '7.10.4' ],
15 silly audit   '@babel/plugin-syntax-nullish-coalescing-operator': [ '7.8.3' ],
15 silly audit   '@babel/plugin-syntax-numeric-separator': [ '7.10.4' ],
15 silly audit   '@babel/plugin-syntax-object-rest-spread': [ '7.8.3' ],
15 silly audit   '@babel/plugin-syntax-optional-catch-binding': [ '7.8.3' ],
15 silly audit   '@babel/plugin-syntax-optional-chaining': [ '7.8.3' ],
15 silly audit   '@babel/plugin-syntax-private-property-in-object': [ '7.14.5' ],
15 silly audit   '@babel/plugin-syntax-top-level-await': [ '7.14.5' ],
15 silly audit   '@babel/plugin-syntax-unicode-sets-regex': [ '7.18.6' ],
15 silly audit   '@babel/plugin-transform-arrow-functions': [ '7.24.7' ],
15 silly audit   '@babel/plugin-transform-async-generator-functions': [ '7.25.0' ],
15 silly audit   '@babel/plugin-transform-async-to-generator': [ '7.24.7' ],
15 silly audit   '@babel/plugin-transform-block-scoped-functions': [ '7.24.7' ],
15 silly audit   '@babel/plugin-transform-block-scoping': [ '7.25.0' ],
15 silly audit   '@babel/plugin-transform-class-properties': [ '7.24.7' ],
15 silly audit   '@babel/plugin-transform-class-static-block': [ '7.24.7' ],
15 silly audit   '@babel/plugin-transform-classes': [ '7.25.0' ],
15 silly audit   '@babel/plugin-transform-computed-properties': [ '7.24.7' ],
15 silly audit   '@babel/plugin-transform-destructuring': [ '7.24.8' ],
15 silly audit   '@babel/plugin-transform-dotall-regex': [ '7.24.7' ],
15 silly audit   '@babel/plugin-transform-duplicate-keys': [ '7.24.7' ],
15 silly audit   '@babel/plugin-transform-duplicate-named-capturing-groups-regex': [ '7.25.0' ],
15 silly audit   '@babel/plugin-transform-dynamic-import': [ '7.24.7' ],
15 silly audit   '@babel/plugin-transform-exponentiation-operator': [ '7.24.7' ],
15 silly audit   '@babel/plugin-transform-export-namespace-from': [ '7.24.7' ],
15 silly audit   '@babel/plugin-transform-for-of': [ '7.24.7' ],
15 silly audit   '@babel/plugin-transform-function-name': [ '7.25.1' ],
15 silly audit   '@babel/plugin-transform-json-strings': [ '7.24.7' ],
15 silly audit   '@babel/plugin-transform-literals': [ '7.25.2' ],
15 silly audit   '@babel/plugin-transform-logical-assignment-operators': [ '7.24.7' ],
15 silly audit   '@babel/plugin-transform-member-expression-literals': [ '7.24.7' ],
15 silly audit   '@babel/plugin-transform-modules-amd': [ '7.24.7' ],
15 silly audit   '@babel/plugin-transform-modules-commonjs': [ '7.24.8' ],
15 silly audit   '@babel/plugin-transform-modules-systemjs': [ '7.25.0' ],
15 silly audit   '@babel/plugin-transform-modules-umd': [ '7.24.7' ],
15 silly audit   '@babel/plugin-transform-named-capturing-groups-regex': [ '7.24.7' ],
15 silly audit   '@babel/plugin-transform-new-target': [ '7.24.7' ],
15 silly audit   '@babel/plugin-transform-nullish-coalescing-operator': [ '7.24.7' ],
15 silly audit   '@babel/plugin-transform-numeric-separator': [ '7.24.7' ],
15 silly audit   '@babel/plugin-transform-object-rest-spread': [ '7.24.7' ],
15 silly audit   '@babel/plugin-transform-object-super': [ '7.24.7' ],
15 silly audit   '@babel/plugin-transform-optional-catch-binding': [ '7.24.7' ],
15 silly audit   '@babel/plugin-transform-optional-chaining': [ '7.24.8' ],
15 silly audit   '@babel/plugin-transform-parameters': [ '7.24.7' ],
15 silly audit   '@babel/plugin-transform-private-methods': [ '7.24.7' ],
15 silly audit   '@babel/plugin-transform-private-property-in-object': [ '7.24.7' ],
15 silly audit   '@babel/plugin-transform-property-literals': [ '7.24.7' ],
15 silly audit   '@babel/plugin-transform-regenerator': [ '7.24.7' ],
15 silly audit   '@babel/plugin-transform-reserved-words': [ '7.24.7' ],
15 silly audit   '@babel/plugin-transform-runtime': [ '7.24.7' ],
15 silly audit   '@babel/plugin-transform-shorthand-properties': [ '7.24.7' ],
15 silly audit   '@babel/plugin-transform-spread': [ '7.24.7' ],
15 silly audit   '@babel/plugin-transform-sticky-regex': [ '7.24.7' ],
15 silly audit   '@babel/plugin-transform-template-literals': [ '7.24.7' ],
15 silly audit   '@babel/plugin-transform-typeof-symbol': [ '7.24.8' ],
15 silly audit   '@babel/plugin-transform-unicode-escapes': [ '7.24.7' ],
15 silly audit   '@babel/plugin-transform-unicode-property-regex': [ '7.24.7' ],
15 silly audit   '@babel/plugin-transform-unicode-regex': [ '7.24.7' ],
15 silly audit   '@babel/plugin-transform-unicode-sets-regex': [ '7.24.7' ],
15 silly audit   '@babel/preset-env': [ '7.25.3' ],
15 silly audit   '@babel/preset-modules': [ '0.1.6-no-external-plugins' ],
15 silly audit   '@babel/regjsgen': [ '0.8.0' ],
15 silly audit   '@babel/runtime': [ '7.25.0' ],
15 silly audit   '@babel/template': [ '7.25.0' ],
15 silly audit   '@babel/traverse': [ '7.25.3' ],
15 silly audit   '@babel/types': [ '7.25.2' ],
15 silly audit   '@colors/colors': [ '1.5.0' ],
15 silly audit   '@discoveryjs/json-ext': [ '0.6.1' ],
15 silly audit   '@esbuild/aix-ppc64': [ '0.23.0', '0.21.5' ],
15 silly audit   '@esbuild/android-arm': [ '0.23.0', '0.21.5' ],
15 silly audit   '@esbuild/android-arm64': [ '0.23.0', '0.21.5' ],
15 silly audit   '@esbuild/android-x64': [ '0.23.0', '0.21.5' ],
15 silly audit   '@esbuild/darwin-arm64': [ '0.23.0', '0.21.5' ],
15 silly audit   '@esbuild/darwin-x64': [ '0.23.0', '0.21.5' ],
15 silly audit   '@esbuild/freebsd-arm64': [ '0.23.0', '0.21.5' ],
15 silly audit   '@esbuild/freebsd-x64': [ '0.23.0', '0.21.5' ],
15 silly audit   '@esbuild/linux-arm': [ '0.23.0', '0.21.5' ],
15 silly audit   '@esbuild/linux-arm64': [ '0.23.0', '0.21.5' ],
15 silly audit   '@esbuild/linux-ia32': [ '0.23.0', '0.21.5' ],
15 silly audit   '@esbuild/linux-loong64': [ '0.23.0', '0.21.5' ],
15 silly audit   '@esbuild/linux-mips64el': [ '0.23.0', '0.21.5' ],
15 silly audit   '@esbuild/linux-ppc64': [ '0.23.0', '0.21.5' ],
15 silly audit   '@esbuild/linux-riscv64': [ '0.23.0', '0.21.5' ],
15 silly audit   '@esbuild/linux-s390x': [ '0.23.0', '0.21.5' ],
15 silly audit   '@esbuild/linux-x64': [ '0.23.0', '0.21.5' ],
15 silly audit   '@esbuild/netbsd-x64': [ '0.23.0', '0.21.5' ],
15 silly audit   '@esbuild/openbsd-arm64': [ '0.23.0' ],
15 silly audit   '@esbuild/openbsd-x64': [ '0.23.0', '0.21.5' ],
15 silly audit   '@esbuild/sunos-x64': [ '0.23.0', '0.21.5' ],
15 silly audit   '@esbuild/win32-arm64': [ '0.23.0', '0.21.5' ],
15 silly audit   '@esbuild/win32-ia32': [ '0.23.0', '0.21.5' ],
15 silly audit   '@esbuild/win32-x64': [ '0.23.0', '0.21.5' ],
15 silly audit   '@floating-ui/core': [ '1.6.7' ],
15 silly audit   '@floating-ui/dom': [ '1.6.10' ],
15 silly audit   '@floating-ui/utils': [ '0.2.7' ],
15 silly audit   '@inquirer/confirm': [ '3.1.22' ],
15 silly audit   '@inquirer/core': [ '9.1.0' ],
15 silly audit   '@inquirer/figures': [ '1.0.5' ],
15 silly audit   '@inquirer/type': [ '1.5.3' ],
15 silly audit   '@isaacs/cliui': [ '8.0.2' ],
15 silly audit   'ansi-regex': [ '6.0.1', '5.0.1', '6.1.0' ],
15 silly audit   'ansi-styles': [ '6.2.1', '3.2.1', '4.3.0' ],
15 silly audit   'emoji-regex': [ '9.2.2', '10.4.0', '8.0.0' ],
15 silly audit   'string-width': [ '5.1.2', '7.2.0', '4.2.3' ],
15 silly audit   'strip-ansi': [ '7.1.0', '6.0.1' ],
15 silly audit   'wrap-ansi': [ '8.1.0', '7.0.0', '9.0.0', '6.2.0' ],
15 silly audit   '@istanbuljs/schema': [ '0.1.3' ],
15 silly audit   '@jridgewell/gen-mapping': [ '0.3.5' ],
15 silly audit   '@jridgewell/resolve-uri': [ '3.1.2' ],
15 silly audit   '@jridgewell/set-array': [ '1.2.1' ],
15 silly audit   '@jridgewell/source-map': [ '0.3.6' ],
15 silly audit   '@jridgewell/sourcemap-codec': [ '1.5.0' ],
15 silly audit   '@jridgewell/trace-mapping': [ '0.3.25' ],
15 silly audit   '@jsonjoy.com/base64': [ '1.1.2' ],
15 silly audit   '@jsonjoy.com/json-pack': [ '1.1.0' ],
15 silly audit   '@jsonjoy.com/util': [ '1.3.0' ],
15 silly audit   '@kurkle/color': [ '0.3.2' ],
15 silly audit   '@leichtgewicht/ip-codec': [ '2.0.5' ],
15 silly audit   '@ljharb/through': [ '2.3.13' ],
15 silly audit   '@lmdb/lmdb-darwin-arm64': [ '3.0.13' ],
15 silly audit   '@lmdb/lmdb-darwin-x64': [ '3.0.13' ],
15 silly audit   '@lmdb/lmdb-linux-arm': [ '3.0.13' ],
15 silly audit   '@lmdb/lmdb-linux-arm64': [ '3.0.13' ],
15 silly audit   '@lmdb/lmdb-linux-x64': [ '3.0.13' ],
15 silly audit   '@lmdb/lmdb-win32-x64': [ '3.0.13' ],
15 silly audit   '@mattlewis92/dom-autoscroller': [ '2.4.2' ],
15 silly audit   '@msgpackr-extract/msgpackr-extract-darwin-arm64': [ '3.0.3' ],
15 silly audit   '@msgpackr-extract/msgpackr-extract-darwin-x64': [ '3.0.3' ],
15 silly audit   '@msgpackr-extract/msgpackr-extract-linux-arm': [ '3.0.3' ],
15 silly audit   '@msgpackr-extract/msgpackr-extract-linux-arm64': [ '3.0.3' ],
15 silly audit   '@msgpackr-extract/msgpackr-extract-linux-x64': [ '3.0.3' ],
15 silly audit   '@msgpackr-extract/msgpackr-extract-win32-x64': [ '3.0.3' ],
15 silly audit   '@ng-bootstrap/ng-bootstrap': [ '17.0.0' ],
15 silly audit   '@ng-select/ng-select': [ '13.7.0' ],
15 silly audit   '@ngtools/webpack': [ '18.2.3' ],
15 silly audit   '@ngx-translate/core': [ '15.0.0' ],
15 silly audit   '@ngx-translate/http-loader': [ '8.0.0' ],
15 silly audit   '@nodelib/fs.scandir': [ '2.1.5' ],
15 silly audit   '@nodelib/fs.stat': [ '2.0.5' ],
15 silly audit   '@nodelib/fs.walk': [ '1.2.8' ],
15 silly audit   '@npmcli/agent': [ '2.2.2' ],
15 silly audit   'lru-cache': [ '10.4.3', '5.1.1' ],
15 silly audit   '@npmcli/fs': [ '3.1.1' ],
15 silly audit   '@npmcli/git': [ '5.0.8' ],
15 silly audit   ini: [ '4.1.3', '4.1.2' ],
15 silly audit   isexe: [ '3.1.1', '2.0.0' ],
15 silly audit   which: [ '4.0.0', '2.0.2', '1.3.1' ],
15 silly audit   '@npmcli/installed-package-contents': [ '2.1.0' ],
15 silly audit   '@npmcli/node-gyp': [ '3.0.0' ],
15 silly audit   '@npmcli/package-json': [ '5.2.0' ],
15 silly audit   'brace-expansion': [ '2.0.1', '1.1.11' ],
15 silly audit   glob: [ '10.4.5', '7.2.3' ],
15 silly audit   minimatch: [ '9.0.5', '3.1.2' ],
15 silly audit   '@npmcli/promise-spawn': [ '7.0.2' ],
15 silly audit   '@npmcli/redact': [ '2.0.1' ],
15 silly audit   '@npmcli/run-script': [ '8.1.0' ],
15 silly audit   '@pkgjs/parseargs': [ '0.11.0' ],
15 silly audit   '@popperjs/core': [ '2.11.8' ],
15 silly audit   '@rollup/rollup-android-arm-eabi': [ '4.20.0' ],
15 silly audit   '@rollup/rollup-android-arm64': [ '4.20.0' ],
15 silly audit   '@rollup/rollup-darwin-arm64': [ '4.20.0' ],
15 silly audit   '@rollup/rollup-darwin-x64': [ '4.20.0' ],
15 silly audit   '@rollup/rollup-linux-arm-gnueabihf': [ '4.20.0' ],
15 silly audit   '@rollup/rollup-linux-arm-musleabihf': [ '4.20.0' ],
15 silly audit   '@rollup/rollup-linux-arm64-gnu': [ '4.20.0' ],
15 silly audit   '@rollup/rollup-linux-arm64-musl': [ '4.20.0' ],
15 silly audit   '@rollup/rollup-linux-powerpc64le-gnu': [ '4.20.0' ],
15 silly audit   '@rollup/rollup-linux-riscv64-gnu': [ '4.20.0' ],
15 silly audit   '@rollup/rollup-linux-s390x-gnu': [ '4.20.0' ],
15 silly audit   '@rollup/rollup-linux-x64-gnu': [ '4.20.0' ],
15 silly audit   '@rollup/rollup-linux-x64-musl': [ '4.20.0' ],
15 silly audit   '@rollup/rollup-win32-arm64-msvc': [ '4.20.0' ],
15 silly audit   '@rollup/rollup-win32-ia32-msvc': [ '4.20.0' ],
15 silly audit   '@rollup/rollup-win32-x64-msvc': [ '4.20.0' ],
15 silly audit   '@scarf/scarf': [ '1.3.0' ],
15 silly audit   '@schematics/angular': [ '18.0.7' ],
15 silly audit   '@sigstore/bundle': [ '2.3.2' ],
15 silly audit   '@sigstore/core': [ '1.1.0' ],
15 silly audit   '@sigstore/protobuf-specs': [ '0.3.2' ],
15 silly audit   '@sigstore/sign': [ '2.3.2' ],
15 silly audit   '@sigstore/tuf': [ '2.3.4' ],
15 silly audit   '@sigstore/verify': [ '1.2.1' ],
15 silly audit   '@sindresorhus/merge-streams': [ '2.3.0' ],
15 silly audit   '@socket.io/component-emitter': [ '3.1.2' ],
15 silly audit   '@swimlane/ngx-charts': [ '20.5.0' ],
15 silly audit   '@swimlane/ngx-datatable': [ '20.1.0' ],
15 silly audit   '@tufjs/canonical-json': [ '2.0.0' ],
15 silly audit   '@tufjs/models': [ '2.0.1' ],
15 silly audit   '@types/babel__core': [ '7.20.5' ],
15 silly audit   '@types/babel__generator': [ '7.6.8' ],
15 silly audit   '@types/babel__template': [ '7.4.4' ],
15 silly audit   '@types/babel__traverse': [ '7.20.6' ],
15 silly audit   '@types/body-parser': [ '1.19.5' ],
15 silly audit   '@types/bonjour': [ '3.5.13' ],
15 silly audit   '@types/c3': [ '0.7.11' ],
15 silly audit   '@types/chartist': [ '1.0.0' ],
15 silly audit   '@types/connect': [ '3.4.38' ],
15 silly audit   '@types/connect-history-api-fallback': [ '1.5.4' ],
15 silly audit   '@types/cookie': [ '0.4.1' ],
15 silly audit   '@types/cors': [ '2.8.17' ],
15 silly audit   '@types/d3': [ '4.13.15' ],
15 silly audit   '@types/d3-array': [ '1.2.12' ],
15 silly audit   '@types/d3-axis': [ '1.0.19' ],
15 silly audit   '@types/d3-brush': [ '1.1.8' ],
15 silly audit   '@types/d3-chord': [ '1.0.14' ],
15 silly audit   '@types/d3-collection': [ '1.0.13' ],
15 silly audit   '@types/d3-color': [ '1.4.5' ],
15 silly audit   '@types/d3-dispatch': [ '1.0.12' ],
15 silly audit   '@types/d3-drag': [ '1.2.8' ],
15 silly audit   '@types/d3-dsv': [ '1.2.8' ],
15 silly audit   '@types/d3-ease': [ '1.0.13' ],
15 silly audit   '@types/d3-force': [ '1.2.7' ],
15 silly audit   '@types/d3-format': [ '1.4.5' ],
15 silly audit   '@types/d3-geo': [ '1.12.7' ],
15 silly audit   '@types/d3-hierarchy': [ '1.1.11' ],
15 silly audit   '@types/d3-interpolate': [ '1.4.5' ],
15 silly audit   '@types/d3-path': [ '1.0.11' ],
15 silly audit   '@types/d3-polygon': [ '1.0.10' ],
15 silly audit   '@types/d3-quadtree': [ '1.0.13' ],
15 silly audit   '@types/d3-queue': [ '3.0.10' ],
15 silly audit   '@types/d3-random': [ '1.1.5' ],
15 silly audit   '@types/d3-request': [ '1.0.9' ],
15 silly audit   '@types/d3-scale': [ '1.0.22' ],
15 silly audit   '@types/d3-selection': [ '1.4.6' ],
15 silly audit   '@types/d3-shape': [ '1.3.12' ],
15 silly audit   '@types/d3-time': [ '1.1.4' ],
15 silly audit   '@types/d3-time-format': [ '2.3.4' ],
15 silly audit   '@types/d3-timer': [ '1.0.12' ],
15 silly audit   '@types/d3-transition': [ '1.3.5' ],
15 silly audit   '@types/d3-voronoi': [ '1.1.12' ],
15 silly audit   '@types/d3-zoom': [ '1.8.7' ],
15 silly audit   '@types/datatables.net': [ '1.12.0' ],
15 silly audit   '@types/estree': [ '1.0.5' ],
15 silly audit   '@types/express': [ '4.17.21' ],
15 silly audit   '@types/express-serve-static-core': [ '4.19.5' ],
15 silly audit   '@types/geojson': [ '7946.0.14' ],
15 silly audit   '@types/http-errors': [ '2.0.4' ],
15 silly audit   '@types/http-proxy': [ '1.17.15' ],
15 silly audit   '@types/jasmine': [ '5.1.4' ],
15 silly audit   '@types/json-schema': [ '7.0.15' ],
15 silly audit   '@types/mime': [ '1.3.5' ],
15 silly audit   '@types/mute-stream': [ '0.0.4' ],
15 silly audit   '@types/node': [ '22.5.4' ],
15 silly audit   '@types/node-forge': [ '1.3.11' ],
15 silly audit   '@types/qs': [ '6.9.15' ],
15 silly audit   '@types/range-parser': [ '1.2.7' ],
15 silly audit   '@types/retry': [ '0.12.2' ],
15 silly audit   '@types/send': [ '0.17.4' ],
15 silly audit   '@types/serve-index': [ '1.9.4' ],
15 silly audit   '@types/serve-static': [ '1.15.7' ],
15 silly audit   '@types/sockjs': [ '0.3.36' ],
15 silly audit   '@types/trusted-types': [ '2.0.7' ],
15 silly audit   '@types/wrap-ansi': [ '3.0.0' ],
15 silly audit   '@types/ws': [ '8.5.12' ],
15 silly audit   '@vitejs/plugin-basic-ssl': [ '1.1.0' ],
15 silly audit   '@webassemblyjs/ast': [ '1.12.1' ],
15 silly audit   '@webassemblyjs/floating-point-hex-parser': [ '1.11.6' ],
15 silly audit   '@webassemblyjs/helper-api-error': [ '1.11.6' ],
15 silly audit   '@webassemblyjs/helper-buffer': [ '1.12.1' ],
15 silly audit   '@webassemblyjs/helper-numbers': [ '1.11.6' ],
15 silly audit   '@webassemblyjs/helper-wasm-bytecode': [ '1.11.6' ],
15 silly audit   '@webassemblyjs/helper-wasm-section': [ '1.12.1' ],
15 silly audit   '@webassemblyjs/ieee754': [ '1.11.6' ],
15 silly audit   '@webassemblyjs/leb128': [ '1.11.6' ],
15 silly audit   '@webassemblyjs/utf8': [ '1.11.6' ],
15 silly audit   '@webassemblyjs/wasm-edit': [ '1.12.1' ],
15 silly audit   '@webassemblyjs/wasm-gen': [ '1.12.1' ],
15 silly audit   '@webassemblyjs/wasm-opt': [ '1.12.1' ],
15 silly audit   '@webassemblyjs/wasm-parser': [ '1.12.1' ],
15 silly audit   '@webassemblyjs/wast-printer': [ '1.12.1' ],
15 silly audit   '@xtuc/ieee754': [ '1.2.0' ],
15 silly audit   '@xtuc/long': [ '4.2.2' ],
15 silly audit   '@yarnpkg/lockfile': [ '1.1.0' ],
15 silly audit   '@yr/monotone-cubic-spline': [ '1.0.3' ],
15 silly audit   abbrev: [ '2.0.0' ],
15 silly audit   accepts: [ '1.3.8' ],
15 silly audit   acorn: [ '8.12.1' ],
15 silly audit   'acorn-import-attributes': [ '1.9.5' ],
15 silly audit   'adjust-sourcemap-loader': [ '4.0.0' ],
15 silly audit   'loader-utils': [ '2.0.4', '3.3.1' ],
15 silly audit   'agent-base': [ '7.1.1' ],
15 silly audit   'aggregate-error': [ '3.1.0' ],
15 silly audit   'ajv-formats': [ '3.0.1', '2.1.1' ],
15 silly audit   'ajv-keywords': [ '5.1.0', '3.5.2' ],
15 silly audit   'angular-calendar': [ '0.31.1' ],
15 silly audit   'angular-datatables': [ '17.1.0' ],
15 silly audit   'angular-draggable-droppable': [ '8.0.0' ],
15 silly audit   'angular-feather': [ '6.5.1' ],
15 silly audit   'angular-notifier': [ '14.0.0' ],
15 silly audit   tslib: [ '2.4.1', '2.6.3' ],
15 silly audit   'angular-resizable-element': [ '7.0.2' ],
15 silly audit   'angular-tabler-icons': [ '3.1.0' ],
15 silly audit   'angularx-flatpickr': [ '7.3.0' ],
15 silly audit   'ansi-colors': [ '4.1.3' ],
15 silly audit   'ansi-escapes': [ '4.3.2', '7.0.0' ],
15 silly audit   'ansi-html-community': [ '0.0.8' ],
15 silly audit   anymatch: [ '3.1.3' ],
15 silly audit   picomatch: [ '2.3.1', '4.0.2' ],
15 silly audit   apexcharts: [ '3.52.0' ],
15 silly audit   argparse: [ '2.0.1' ],
15 silly audit   'array-flatten': [ '1.1.1' ],
15 silly audit   autoprefixer: [ '10.4.20' ],
15 silly audit   'babel-loader': [ '9.1.3' ],
15 silly audit   'babel-plugin-polyfill-corejs2': [ '0.4.11' ],
15 silly audit   'babel-plugin-polyfill-corejs3': [ '0.10.6' ],
15 silly audit   'babel-plugin-polyfill-regenerator': [ '0.6.2' ],
15 silly audit   'balanced-match': [ '1.0.2' ],
15 silly audit   'base64-js': [ '1.5.1' ],
15 silly audit   base64id: [ '2.0.0' ],
15 silly audit   batch: [ '0.6.1' ],
15 silly audit   'big.js': [ '5.2.2' ],
15 silly audit   'binary-extensions': [ '2.3.0' ],
15 silly audit   bl: [ '4.1.0' ],
15 silly audit   'body-parser': [ '1.20.3' ],
15 silly audit   debug: [ '2.6.9', '4.3.6' ],
15 silly audit   ms: [ '2.0.0', '2.1.2', '2.1.3' ],
15 silly audit   qs: [ '6.13.0', '6.11.0' ],
15 silly audit   'bonjour-service': [ '1.2.1' ],
15 silly audit   boolbase: [ '1.0.0' ],
15 silly audit   bootstrap: [ '5.3.3' ],
15 silly audit   braces: [ '3.0.3' ],
15 silly audit   browserslist: [ '4.23.3' ],
15 silly audit   buffer: [ '5.7.1' ],
15 silly audit   'buffer-from': [ '1.1.2' ],
15 silly audit   'bundle-name': [ '4.1.0' ],
15 silly audit   bytes: [ '3.1.2', '3.0.0' ],
15 silly audit   c3: [ '0.4.24' ],
15 silly audit   cacache: [ '18.0.4' ],
15 silly audit   'calendar-utils': [ '0.10.4' ],
15 silly audit   'call-bind': [ '1.0.7' ],
15 silly audit   callsites: [ '3.1.0' ],
15 silly audit   'caniuse-lite': [ '1.0.30001651' ],
15 silly audit   chalk: [ '2.4.2', '4.1.2', '5.3.0' ],
15 silly audit   chardet: [ '0.7.0' ],
15 silly audit   'chart.js': [ '4.4.3' ],
15 silly audit   chartist: [ '1.3.0' ],
15 silly audit   'chartjs-plugin-datalabels': [ '2.2.0' ],
15 silly audit   chokidar: [ '3.6.0' ],
15 silly audit   chownr: [ '2.0.0' ],
15 silly audit   'chrome-trace-event': [ '1.0.4' ],
15 silly audit   'clean-stack': [ '2.2.0' ],
15 silly audit   'cli-cursor': [ '3.1.0', '5.0.0' ],
15 silly audit   'cli-spinners': [ '2.9.2' ],
15 silly audit   'cli-truncate': [ '4.0.0' ],
15 silly audit   'cli-width': [ '4.1.0' ],
15 silly audit   cliui: [ '8.0.1', '7.0.4' ],
15 silly audit   'color-convert': [ '2.0.1', '1.9.3' ],
15 silly audit   'color-name': [ '1.1.4', '1.1.3' ],
15 silly audit   clone: [ '1.0.4' ],
15 silly audit   'clone-deep': [ '4.0.1' ],
15 silly audit   colorette: [ '2.0.20' ],
15 silly audit   commander: [ '2.20.3' ],
15 silly audit   'common-path-prefix': [ '3.0.0' ],
15 silly audit   compressible: [ '2.0.18' ],
15 silly audit   compression: [ '1.7.4' ],
15 silly audit   'safe-buffer': [ '5.1.2', '5.2.1' ],
15 silly audit   'concat-map': [ '0.0.1' ],
15 silly audit   connect: [ '3.7.0' ],
15 silly audit   'connect-history-api-fallback': [ '2.0.0' ],
15 silly audit   'content-disposition': [ '0.5.4' ],
15 silly audit   'content-type': [ '1.0.5' ],
15 silly audit   cookie: [ '0.4.2', '0.6.0' ],
15 silly audit   'cookie-signature': [ '1.0.6' ],
15 silly audit   'copy-anything': [ '2.0.6' ],
15 silly audit   'copy-webpack-plugin': [ '12.0.2' ],
15 silly audit   'glob-parent': [ '6.0.2', '5.1.2' ],
15 silly audit   'core-js-compat': [ '3.38.1' ],
15 silly audit   'core-util-is': [ '1.0.3' ],
15 silly audit   cors: [ '2.8.5' ],
15 silly audit   cosmiconfig: [ '9.0.0' ],
15 silly audit   critters: [ '0.0.24' ],
15 silly audit   'has-flag': [ '4.0.0', '3.0.0' ],
15 silly audit   'supports-color': [ '7.2.0', '8.1.1', '5.5.0' ],
15 silly audit   'cross-spawn': [ '7.0.3' ],
15 silly audit   'css-loader': [ '7.1.2' ],
15 silly audit   'css-select': [ '5.1.0' ],
15 silly audit   'css-what': [ '6.1.0' ],
15 silly audit   cssesc: [ '3.0.0' ],
15 silly audit   'custom-event': [ '1.0.1' ],
15 silly audit   d3: [ '3.5.17' ],
15 silly audit   'd3-array': [ '3.2.4', '2.12.1' ],
15 silly audit   'd3-brush': [ '3.0.0' ],
15 silly audit   'd3-drag': [ '3.0.0' ],
15 silly audit   'd3-color': [ '3.1.0' ],
15 silly audit   'd3-dispatch': [ '1.0.6' ],
15 silly audit   'd3-ease': [ '3.0.1' ],
15 silly audit   'd3-format': [ '3.1.0' ],
15 silly audit   'd3-hierarchy': [ '3.1.2' ],
15 silly audit   'd3-interpolate': [ '3.0.1' ],
15 silly audit   'd3-path': [ '1.0.9', '3.1.0' ],
15 silly audit   'd3-sankey': [ '0.12.3' ],
15 silly audit   'd3-shape': [ '1.3.7', '3.2.0' ],
15 silly audit   internmap: [ '1.0.1', '2.0.3' ],
15 silly audit   'd3-scale': [ '4.0.2' ],
15 silly audit   'd3-time': [ '3.1.0', '1.1.0' ],
15 silly audit   'd3-selection': [ '3.0.0' ],
15 silly audit   'd3-time-format': [ '3.0.0' ],
15 silly audit   'd3-timer': [ '1.0.10' ],
15 silly audit   'd3-transition': [ '3.0.1' ],
15 silly audit   'datatables.net': [ '2.1.4' ],
15 silly audit   'date-fns': [ '3.6.0' ],
15 silly audit   'date-format': [ '4.0.14' ],
15 silly audit   'default-browser': [ '5.2.1' ],
15 silly audit   'default-browser-id': [ '5.0.0' ],
15 silly audit   'default-gateway': [ '6.0.3' ],
15 silly audit   defaults: [ '1.0.4' ],
15 silly audit   'define-data-property': [ '1.1.4' ],
15 silly audit   'define-lazy-prop': [ '3.0.0' ],
15 silly audit   depd: [ '2.0.0', '1.1.2' ],
15 silly audit   destroy: [ '1.2.0' ],
15 silly audit   'detect-libc': [ '2.0.3' ],
15 silly audit   'detect-node': [ '2.1.0' ],
15 silly audit   di: [ '0.0.1' ],
15 silly audit   'dns-packet': [ '5.6.1' ],
15 silly audit   'dom-serialize': [ '2.2.1' ],
15 silly audit   'dom-serializer': [ '2.0.0' ],
15 silly audit   domelementtype: [ '2.3.0' ],
15 silly audit   domhandler: [ '5.0.3' ],
15 silly audit   domutils: [ '3.1.0' ],
15 silly audit   eastasianwidth: [ '0.2.0' ],
15 silly audit   'ee-first': [ '1.1.1' ],
15 silly audit   'electron-to-chromium': [ '1.5.12' ],
15 silly audit   'emojis-list': [ '3.0.0' ],
15 silly audit   encodeurl: [ '1.0.2', '2.0.0' ],
15 silly audit   encoding: [ '0.1.13' ],
15 silly audit   'iconv-lite': [ '0.6.3', '0.4.24' ],
15 silly audit   'engine.io': [ '6.5.5' ],
15 silly audit   'engine.io-parser': [ '5.2.3' ],
15 silly audit   'enhanced-resolve': [ '5.17.1' ],
15 silly audit   ent: [ '2.2.1' ],
15 silly audit   entities: [ '4.5.0' ],
15 silly audit   'env-paths': [ '2.2.1' ],
15 silly audit   environment: [ '1.1.0' ],
15 silly audit   'err-code': [ '2.0.3' ],
15 silly audit   errno: [ '0.1.8' ],
15 silly audit   'error-ex': [ '1.3.2' ],
15 silly audit   'es-define-property': [ '1.0.0' ],
15 silly audit   'es-errors': [ '1.3.0' ],
15 silly audit   'es-module-lexer': [ '1.5.4' ],
15 silly audit   esbuild: [ '0.23.0', '0.21.5' ],
15 silly audit   'esbuild-wasm': [ '0.23.0' ],
15 silly audit   escalade: [ '3.1.2' ],
15 silly audit   'escape-html': [ '1.0.3' ],
15 silly audit   'escape-string-regexp': [ '1.0.5' ],
15 silly audit   'eslint-scope': [ '5.1.1' ],
15 silly audit   esrecurse: [ '4.3.0' ],
15 silly audit   estraverse: [ '5.3.0', '4.3.0' ],
15 silly audit   esutils: [ '2.0.3' ],
15 silly audit   etag: [ '1.8.1' ],
15 silly audit   eventemitter3: [ '4.0.7', '5.0.1' ],
15 silly audit   events: [ '3.3.0' ],
15 silly audit   execa: [ '5.1.1' ],
15 silly audit   'signal-exit': [ '3.0.7', '4.1.0' ],
15 silly audit   'exponential-backoff': [ '3.1.1' ],
15 silly audit   express: [ '4.20.0' ],
15 silly audit   finalhandler: [ '1.2.0', '1.1.2' ],
15 silly audit   statuses: [ '2.0.1', '1.5.0' ],
15 silly audit   extend: [ '3.0.2' ],
15 silly audit   'external-editor': [ '3.1.0' ],
15 silly audit   'fast-deep-equal': [ '3.1.3' ],
15 silly audit   'fast-glob': [ '3.3.2' ],
15 silly audit   'fast-json-stable-stringify': [ '2.1.0' ],
15 silly audit   'fast-uri': [ '3.0.1' ],
15 silly audit   fastq: [ '1.17.1' ],
15 silly audit   'faye-websocket': [ '0.11.4' ],
15 silly audit   'fill-range': [ '7.1.1' ],
15 silly audit   'on-finished': [ '2.3.0', '2.4.1' ],
15 silly audit   'find-cache-dir': [ '4.0.0' ],
15 silly audit   'find-up': [ '6.3.0' ],
15 silly audit   flat: [ '5.0.2' ],
15 silly audit   flatpickr: [ '4.6.13' ],
15 silly audit   flatted: [ '3.3.1' ],
15 silly audit   'follow-redirects': [ '1.15.6' ],
15 silly audit   'foreground-child': [ '3.3.0' ],
15 silly audit   forwarded: [ '0.2.0' ],
15 silly audit   'fraction.js': [ '4.3.7' ],
15 silly audit   fresh: [ '0.5.2' ],
15 silly audit   'fs-extra': [ '8.1.0' ],
15 silly audit   'fs-minipass': [ '3.0.3', '2.1.0' ],
15 silly audit   'fs.realpath': [ '1.0.0' ],
15 silly audit   fsevents: [ '2.3.3' ],
15 silly audit   'function-bind': [ '1.1.2' ],
15 silly audit   gensync: [ '1.0.0-beta.2' ],
15 silly audit   'get-caller-file': [ '2.0.5' ],
15 silly audit   'get-east-asian-width': [ '1.2.0' ],
15 silly audit   'get-intrinsic': [ '1.2.4' ],
15 silly audit   'get-stream': [ '6.0.1' ],
15 silly audit   'glob-to-regexp': [ '0.4.1' ],
15 silly audit   globals: [ '11.12.0' ],
15 silly audit   globby: [ '14.0.2' ],
15 silly audit   gopd: [ '1.0.1' ],
15 silly audit   'graceful-fs': [ '4.2.11' ],
15 silly audit   'handle-thing': [ '2.0.1' ],
15 silly audit   'has-property-descriptors': [ '1.0.2' ],
15 silly audit   'has-proto': [ '1.0.3' ],
15 silly audit   'has-symbols': [ '1.0.3' ],
15 silly audit   hasown: [ '2.0.2' ],
15 silly audit   'hosted-git-info': [ '7.0.2' ],
15 silly audit   'hpack.js': [ '2.1.6' ],
15 silly audit   'readable-stream': [ '2.3.8', '3.6.2' ],
15 silly audit   string_decoder: [ '1.1.1', '1.3.0' ],
15 silly audit   'html-entities': [ '2.5.2' ],
15 silly audit   'html-escaper': [ '2.0.2' ],
15 silly audit   htmlparser2: [ '8.0.2' ],
15 silly audit   'http-cache-semantics': [ '4.1.1' ],
15 silly audit   'http-deceiver': [ '1.2.7' ],
15 silly audit   'http-errors': [ '2.0.0', '1.6.3' ],
15 silly audit   'http-parser-js': [ '0.5.8' ],
15 silly audit   'http-proxy': [ '1.18.1' ],
15 silly audit   'http-proxy-agent': [ '7.0.2' ],
15 silly audit   'http-proxy-middleware': [ '3.0.0', '2.0.6' ],
15 silly audit   'https-proxy-agent': [ '7.0.5' ],
15 silly audit   'human-signals': [ '2.1.0' ],
15 silly audit   hyperdyperid: [ '1.2.0' ],
15 silly audit   'icss-utils': [ '5.1.0' ],
15 silly audit   ieee754: [ '1.2.1' ],
15 silly audit   ignore: [ '5.3.2' ],
15 silly audit   'ignore-walk': [ '6.0.5' ],
15 silly audit   'image-size': [ '0.5.5' ],
15 silly audit   immutable: [ '4.3.7' ],
15 silly audit   'import-fresh': [ '3.3.0' ],
15 silly audit   imurmurhash: [ '0.1.4' ],
15 silly audit   'indent-string': [ '4.0.0' ],
15 silly audit   inflight: [ '1.0.6' ],
15 silly audit   inherits: [ '2.0.4', '2.0.3' ],
15 silly audit   inquirer: [ '9.2.22' ],
15 silly audit   'ip-address': [ '9.0.5' ],
15 silly audit   'ipaddr.js': [ '2.2.0', '1.9.1' ],
15 silly audit   'is-arrayish': [ '0.2.1' ],
15 silly audit   'is-binary-path': [ '2.1.0' ],
15 silly audit   'is-core-module': [ '2.15.0' ],
15 silly audit   'is-docker': [ '3.0.0' ],
15 silly audit   'is-extglob': [ '2.1.1' ],
15 silly audit   'is-fullwidth-code-point': [ '4.0.0', '5.0.0', '3.0.0' ],
15 silly audit   'is-glob': [ '4.0.3' ],
15 silly audit   'is-inside-container': [ '1.0.0' ],
15 silly audit   'is-interactive': [ '1.0.0' ],
15 silly audit   'is-lambda': [ '1.0.1' ],
15 silly audit   'is-network-error': [ '1.1.0' ],
15 silly audit   'is-number': [ '7.0.0' ],
15 silly audit   'is-plain-obj': [ '3.0.0' ],
15 silly audit   'is-plain-object': [ '2.0.4' ],
15 silly audit   'is-stream': [ '2.0.1' ],
15 silly audit   'is-unicode-supported': [ '0.1.0' ],
15 silly audit   'is-what': [ '3.14.1' ],
15 silly audit   'is-wsl': [ '3.1.0' ],
15 silly audit   isarray: [ '1.0.0' ],
15 silly audit   isbinaryfile: [ '4.0.10' ],
15 silly audit   isobject: [ '3.0.1' ],
15 silly audit   'istanbul-lib-coverage': [ '3.2.2' ],
15 silly audit   'istanbul-lib-instrument': [ '6.0.3', '5.2.1' ],
15 silly audit   'istanbul-lib-report': [ '3.0.1' ],
15 silly audit   'istanbul-lib-source-maps': [ '4.0.1' ],
15 silly audit   'source-map': [ '0.6.1', '0.7.4' ],
15 silly audit   'istanbul-reports': [ '3.1.7' ],
15 silly audit   jackspeak: [ '3.4.3' ],
15 silly audit   'jasmine-core': [ '5.1.2', '4.6.1' ],
15 silly audit   'jest-worker': [ '27.5.1' ],
15 silly audit   jiti: [ '1.21.6' ],
15 silly audit   jquery: [ '3.7.1' ],
15 silly audit   'js-tokens': [ '4.0.0' ],
15 silly audit   'js-yaml': [ '4.1.0' ],
15 silly audit   jsbn: [ '1.1.0' ],
15 silly audit   jsesc: [ '2.5.2', '0.5.0' ],
15 silly audit   'json-parse-even-better-errors': [ '3.0.2', '2.3.1' ],
15 silly audit   'json-schema-traverse': [ '1.0.0', '0.4.1' ],
15 silly audit   json5: [ '2.2.3' ],
15 silly audit   jsonfile: [ '4.0.0' ],
15 silly audit   jsonparse: [ '1.3.1' ],
15 silly audit   'jwt-decode': [ '4.0.0' ],
15 silly audit   karma: [ '6.4.4' ],
15 silly audit   'karma-chrome-launcher': [ '3.2.0' ],
15 silly audit   'karma-coverage': [ '2.2.1' ],
15 silly audit   'karma-jasmine': [ '5.1.0' ],
15 silly audit   'karma-jasmine-html-reporter': [ '2.1.0' ],
15 silly audit   'karma-source-map-support': [ '1.4.0' ],
15 silly audit   tmp: [ '0.2.3', '0.0.33' ],
15 silly audit   yargs: [ '16.2.0', '17.7.2' ],
15 silly audit   'yargs-parser': [ '20.2.9', '21.1.1' ],
15 silly audit   'kind-of': [ '6.0.3' ],
15 silly audit   'launch-editor': [ '2.8.1' ],
15 silly audit   less: [ '4.2.0' ],
15 silly audit   'less-loader': [ '12.2.0' ],
15 silly audit   'make-dir': [ '2.1.0', '4.0.0' ],
15 silly audit   mime: [ '1.6.0', '2.6.0' ],
15 silly audit   'license-webpack-plugin': [ '4.0.2' ],
15 silly audit   'lines-and-columns': [ '1.2.4' ],
15 silly audit   listr2: [ '8.2.4' ],
15 silly audit   lmdb: [ '3.0.13' ],
15 silly audit   'loader-runner': [ '4.3.0' ],
15 silly audit   'locate-path': [ '7.2.0' ],
15 silly audit   lodash: [ '4.17.21' ],
15 silly audit   'lodash-es': [ '4.17.21' ],
15 silly audit   'lodash.debounce': [ '4.0.8' ],
15 silly audit   'log-symbols': [ '4.1.0' ],
15 silly audit   'log-update': [ '6.1.0' ],
15 silly audit   onetime: [ '7.0.0', '5.1.2' ],
15 silly audit   'restore-cursor': [ '5.1.0', '3.1.0' ],
15 silly audit   'slice-ansi': [ '7.1.0', '5.0.0' ],
15 silly audit   log4js: [ '6.9.1' ],
15 silly audit   'make-fetch-happen': [ '13.0.1' ],
15 silly audit   'media-typer': [ '0.3.0' ],
15 silly audit   memfs: [ '4.11.1' ],
15 silly audit   'merge-descriptors': [ '1.0.3' ],
15 silly audit   'merge-stream': [ '2.0.0' ],
15 silly audit   merge2: [ '1.4.1' ],
15 silly audit   methods: [ '1.1.2' ],
15 silly audit   micromatch: [ '4.0.8' ],
15 silly audit   'mime-db': [ '1.52.0' ],
15 silly audit   'mime-types': [ '2.1.35' ],
15 silly audit   'mimic-fn': [ '2.1.0' ],
15 silly audit   'mimic-function': [ '5.0.1' ],
15 silly audit   'mini-css-extract-plugin': [ '2.9.0' ],
15 silly audit   'minimalistic-assert': [ '1.0.1' ],
15 silly audit   minimist: [ '1.2.8' ],
15 silly audit   minipass: [ '7.1.2', '3.3.6', '5.0.0' ],
15 silly audit   'minipass-collect': [ '2.0.1' ],
15 silly audit   'minipass-fetch': [ '3.0.5' ],
15 silly audit   'minipass-flush': [ '1.0.5' ],
15 silly audit   yallist: [ '4.0.0', '3.1.1' ],
15 silly audit   'minipass-pipeline': [ '1.2.4' ],
15 silly audit   'minipass-sized': [ '1.0.3' ],
15 silly audit   minizlib: [ '2.1.2' ],
15 silly audit   mkdirp: [ '0.5.6', '1.0.4' ],
15 silly audit   moment: [ '2.30.1' ],
15 silly audit   mrmime: [ '2.0.0' ],
15 silly audit   msgpackr: [ '1.11.0' ],
15 silly audit   'msgpackr-extract': [ '3.0.3' ],
15 silly audit   'multicast-dns': [ '7.2.5' ],
15 silly audit   'mute-stream': [ '1.0.0' ],
15 silly audit   nanoid: [ '3.3.7' ],
15 silly audit   needle: [ '3.3.1' ],
15 silly audit   negotiator: [ '0.6.3' ],
15 silly audit   'neo-async': [ '2.6.2' ],
15 silly audit   'ng-apexcharts': [ '1.11.0' ],
15 silly audit   'ng-chartist': [ '8.3.2' ],
15 silly audit   'ng2-charts': [ '6.0.1' ],
15 silly audit   'ngx-editor': [ '17.5.4' ],
15 silly audit   'ngx-scrollbar': [ '12.0.1' ],
15 silly audit   'ngx-toastr': [ '19.0.0' ],
15 silly audit   'nice-napi': [ '1.0.2' ],
15 silly audit   'node-addon-api': [ '3.2.1', '6.1.0' ],
15 silly audit   'node-forge': [ '1.3.1' ],
15 silly audit   'node-gyp': [ '10.2.0' ],
15 silly audit   'node-gyp-build': [ '4.8.2' ],
15 silly audit   'node-gyp-build-optional-packages': [ '5.2.2' ],
15 silly audit   'node-releases': [ '2.0.18' ],
15 silly audit   nopt: [ '7.2.1' ],
15 silly audit   'normalize-package-data': [ '6.0.2' ],
15 silly audit   'normalize-path': [ '3.0.0' ],
15 silly audit   'normalize-range': [ '0.1.2' ],
15 silly audit   'npm-bundled': [ '3.0.1' ],
15 silly audit   'npm-install-checks': [ '6.3.0' ],
15 silly audit   'npm-normalize-package-bin': [ '3.0.1' ],
15 silly audit   'npm-package-arg': [ '11.0.2' ],
15 silly audit   'npm-packlist': [ '8.0.2' ],
15 silly audit   'npm-pick-manifest': [ '9.0.1' ],
15 silly audit   'npm-registry-fetch': [ '17.1.0' ],
15 silly audit   'npm-run-path': [ '4.0.1' ],
15 silly audit   'nth-check': [ '2.1.1' ],
15 silly audit   'object-assign': [ '4.1.1' ],
15 silly audit   'object-inspect': [ '1.13.2' ],
15 silly audit   obuf: [ '1.1.2' ],
15 silly audit   'on-headers': [ '1.0.2' ],
15 silly audit   once: [ '1.4.0' ],
15 silly audit   open: [ '10.1.0' ],
15 silly audit   ora: [ '5.4.1' ],
15 silly audit   'ordered-binary': [ '1.5.1' ],
15 silly audit   orderedmap: [ '2.1.1' ],
15 silly audit   'os-tmpdir': [ '1.0.2' ],
15 silly audit   'p-limit': [ '4.0.0' ],
15 silly audit   'p-locate': [ '6.0.0' ],
15 silly audit   'p-map': [ '4.0.0' ],
15 silly audit   'p-retry': [ '6.2.0' ],
15 silly audit   retry: [ '0.13.1', '0.12.0' ],
15 silly audit   'package-json-from-dist': [ '1.0.0' ],
15 silly audit   pacote: [ '18.0.6' ],
15 silly audit   'parent-module': [ '1.0.1' ],
15 silly audit   'parse-json': [ '5.2.0' ],
15 silly audit   'parse-node-version': [ '1.0.1' ],
15 silly audit   parse5: [ '7.1.2' ],
15 silly audit   'parse5-html-rewriting-stream': [ '7.0.0' ],
15 silly audit   'parse5-sax-parser': [ '7.0.0' ],
15 silly audit   parseurl: [ '1.3.3' ],
15 silly audit   'path-exists': [ '5.0.0' ],
15 silly audit   'path-is-absolute': [ '1.0.1' ],
15 silly audit   'path-key': [ '3.1.1' ],
15 silly audit   'path-parse': [ '1.0.7' ],
15 silly audit   'path-scurry': [ '1.11.1' ],
15 silly audit   'path-to-regexp': [ '0.1.10' ],
15 silly audit   'path-type': [ '5.0.0' ],
15 silly audit   picocolors: [ '1.0.1' ],
15 silly audit   pify: [ '4.0.1' ],
15 silly audit   piscina: [ '4.6.1' ],
15 silly audit   'pkg-dir': [ '7.0.0' ],
15 silly audit   positioning: [ '2.0.1' ],
15 silly audit   postcss: [ '8.4.41' ],
15 silly audit   'postcss-loader': [ '8.1.1' ],
15 silly audit   'postcss-media-query-parser': [ '0.2.3' ],
15 silly audit   'postcss-modules-extract-imports': [ '3.1.0' ],
15 silly audit   'postcss-modules-local-by-default': [ '4.0.5' ],
15 silly audit   'postcss-modules-scope': [ '3.2.0' ],
15 silly audit   'postcss-modules-values': [ '4.0.0' ],
15 silly audit   'postcss-selector-parser': [ '6.1.2' ],
15 silly audit   'postcss-value-parser': [ '4.2.0' ],
15 silly audit   'proc-log': [ '4.2.0' ],
15 silly audit   'process-nextick-args': [ '2.0.1' ],
15 silly audit   'promise-inflight': [ '1.0.1' ],
15 silly audit   'promise-retry': [ '2.0.1' ],
15 silly audit   'prosemirror-commands': [ '1.6.0' ],
15 silly audit   'prosemirror-history': [ '1.4.1' ],
15 silly audit   'prosemirror-inputrules': [ '1.4.0' ],
15 silly audit   'prosemirror-keymap': [ '1.2.2' ],
15 silly audit   'prosemirror-model': [ '1.22.3' ],
15 silly audit   'prosemirror-schema-list': [ '1.4.1' ],
15 silly audit   'prosemirror-state': [ '1.4.3' ],
15 silly audit   'prosemirror-transform': [ '1.10.0' ],
15 silly audit   'prosemirror-view': [ '1.33.11' ],
15 silly audit   'proxy-addr': [ '2.0.7' ],
15 silly audit   prr: [ '1.0.1' ],
15 silly audit   punycode: [ '1.4.1', '2.3.1' ],
15 silly audit   qjobs: [ '1.2.0' ],
15 silly audit   'queue-microtask': [ '1.2.3' ],
15 silly audit   randombytes: [ '2.1.0' ],
15 silly audit   'range-parser': [ '1.2.1' ],
15 silly audit   'raw-body': [ '2.5.2' ],
15 silly audit   readdirp: [ '3.6.0' ],
15 silly audit   'reflect-metadata': [ '0.2.2' ],
15 silly audit   regenerate: [ '1.4.2' ],
15 silly audit   'regenerate-unicode-properties': [ '10.1.1' ],
15 silly audit   'regenerator-runtime': [ '0.14.1' ],
15 silly audit   'regenerator-transform': [ '0.15.2' ],
15 silly audit   'regex-parser': [ '2.3.0' ],
15 silly audit   'regexpu-core': [ '5.3.2' ],
15 silly audit   regjsparser: [ '0.9.1' ],
15 silly audit   'require-directory': [ '2.1.1' ],
15 silly audit   'require-from-string': [ '2.0.2' ],
15 silly audit   'requires-port': [ '1.0.0' ],
15 silly audit   resolve: [ '1.22.8' ],
15 silly audit   'resolve-from': [ '4.0.0' ],
15 silly audit   'resolve-url-loader': [ '5.0.0' ],
15 silly audit   reusify: [ '1.0.4' ],
15 silly audit   rfdc: [ '1.4.1' ],
15 silly audit   rimraf: [ '3.0.2', '5.0.10' ],
15 silly audit   rollup: [ '4.20.0' ],
15 silly audit   'rope-sequence': [ '1.3.4' ],
15 silly audit   'run-applescript': [ '7.0.0' ],
15 silly audit   'run-async': [ '3.0.0' ],
15 silly audit   'run-parallel': [ '1.2.0' ],
15 silly audit   rxjs: [ '7.8.1' ],
15 silly audit   'rxjs-compat': [ '6.6.7' ],
15 silly audit   'safer-buffer': [ '2.1.2' ],
15 silly audit   sass: [ '1.77.6' ],
15 silly audit   'sass-loader': [ '16.0.0' ],
15 silly audit   sax: [ '1.4.1' ],
15 silly audit   'schema-utils': [ '4.2.0', '3.3.0' ],
15 silly audit   'select-hose': [ '2.0.0' ],
15 silly audit   selfsigned: [ '2.4.1' ],
15 silly audit   send: [ '0.19.0', '0.18.0' ],
15 silly audit   'serialize-javascript': [ '6.0.2' ],
15 silly audit   'serve-index': [ '1.9.1' ],
15 silly audit   setprototypeof: [ '1.1.0', '1.2.0' ],
15 silly audit   'serve-static': [ '1.16.0' ],
15 silly audit   'set-function-length': [ '1.2.2' ],
15 silly audit   'shallow-clone': [ '3.0.1' ],
15 silly audit   'shebang-command': [ '2.0.0' ],
15 silly audit   'shebang-regex': [ '3.0.0' ],
15 silly audit   'shell-quote': [ '1.8.1' ],
15 silly audit   'side-channel': [ '1.0.6' ],
15 silly audit   sigstore: [ '2.3.1' ],
15 silly audit   slash: [ '5.1.0' ],
15 silly audit   'smart-buffer': [ '4.2.0' ],
15 silly audit   'socket.io': [ '4.7.5' ],
15 silly audit   'socket.io-adapter': [ '2.5.5' ],
15 silly audit   'socket.io-parser': [ '4.2.4' ],
15 silly audit   sockjs: [ '0.3.24' ],
15 silly audit   socks: [ '2.8.3' ],
15 silly audit   'socks-proxy-agent': [ '8.0.4' ],
15 silly audit   'source-map-js': [ '1.2.0' ],
15 silly audit   'source-map-loader': [ '5.0.0' ],
15 silly audit   'source-map-support': [ '0.5.21' ],
15 silly audit   'spdx-correct': [ '3.2.0' ],
15 silly audit   'spdx-exceptions': [ '2.5.0' ],
15 silly audit   'spdx-expression-parse': [ '3.0.1' ],
15 silly audit   'spdx-license-ids': [ '3.0.20' ],
15 silly audit   spdy: [ '4.0.2' ],
15 silly audit   'spdy-transport': [ '3.0.0' ],
15 silly audit   'sprintf-js': [ '1.1.3' ],
15 silly audit   ssri: [ '10.0.6' ],
15 silly audit   streamroller: [ '3.1.5' ],
15 silly audit   'strip-final-newline': [ '2.0.0' ],
15 silly audit   'supports-preserve-symlinks-flag': [ '1.0.0' ],
15 silly audit   'svg.draggable.js': [ '2.2.2' ],
15 silly audit   'svg.easing.js': [ '2.0.0' ],
15 silly audit   'svg.filter.js': [ '2.0.2' ],
15 silly audit   'svg.js': [ '2.7.1' ],
15 silly audit   'svg.pathmorphing.js': [ '0.1.3' ],
15 silly audit   'svg.resize.js': [ '1.4.3' ],
15 silly audit   'svg.select.js': [ '2.1.2', '3.0.1' ],
15 silly audit   'symbol-observable': [ '4.0.0' ],
15 silly audit   tapable: [ '2.2.1' ],
15 silly audit   tar: [ '6.2.1' ],
15 silly audit   terser: [ '5.31.6' ],
15 silly audit   'terser-webpack-plugin': [ '5.3.10' ],
15 silly audit   thingies: [ '1.21.0' ],
15 silly audit   thunky: [ '1.1.0' ],
15 silly audit   'to-fast-properties': [ '2.0.0' ],
15 silly audit   'to-regex-range': [ '5.0.1' ],
15 silly audit   toidentifier: [ '1.0.1' ],
15 silly audit   'tree-dump': [ '1.0.2' ],
15 silly audit   'tree-kill': [ '1.2.2' ],
15 silly audit   'tuf-js': [ '2.2.1' ],
15 silly audit   'type-fest': [ '0.21.3' ],
15 silly audit   'type-is': [ '1.6.18' ],
15 silly audit   'typed-assert': [ '1.0.9' ],
15 silly audit   typescript: [ '5.4.5' ],
15 silly audit   'ua-parser-js': [ '0.7.38' ],
15 silly audit   'undici-types': [ '6.19.8' ],
15 silly audit   'unicode-canonical-property-names-ecmascript': [ '2.0.0' ],
15 silly audit   'unicode-match-property-ecmascript': [ '2.0.0' ],
15 silly audit   'unicode-match-property-value-ecmascript': [ '2.1.0' ],
15 silly audit   'unicode-property-aliases-ecmascript': [ '2.1.0' ],
15 silly audit   'unicorn-magic': [ '0.1.0' ],
15 silly audit   'unique-filename': [ '3.0.0' ],
15 silly audit   'unique-slug': [ '4.0.0' ],
15 silly audit   universalify: [ '0.1.2' ],
15 silly audit   unpipe: [ '1.0.0' ],
15 silly audit   'update-browserslist-db': [ '1.1.0' ],
15 silly audit   'uri-js': [ '4.4.1' ],
15 silly audit   'util-deprecate': [ '1.0.2' ],
15 silly audit   'utils-merge': [ '1.0.1' ],
15 silly audit   uuid: [ '8.3.2' ],
15 silly audit   'validate-npm-package-license': [ '3.0.4' ],
15 silly audit   'validate-npm-package-name': [ '5.0.1' ],
15 silly audit   vary: [ '1.1.2' ],
15 silly audit   vite: [ '5.4.0' ],
15 silly audit   'void-elements': [ '2.0.1' ],
15 silly audit   'w3c-keyname': [ '2.2.8' ],
15 silly audit   watchpack: [ '2.4.1' ],
15 silly audit   wbuf: [ '1.7.3' ],
15 silly audit   wcwidth: [ '1.0.1' ],
15 silly audit   'weak-lru-cache': [ '1.2.2' ],
15 silly audit   webpack: [ '5.94.0' ],
15 silly audit   'webpack-dev-middleware': [ '7.4.2' ],
15 silly audit   'webpack-dev-server': [ '5.0.4' ],
15 silly audit   'webpack-merge': [ '6.0.1' ],
15 silly audit   'webpack-sources': [ '3.2.3' ],
15 silly audit   'webpack-subresource-integrity': [ '5.1.0' ],
15 silly audit   'websocket-driver': [ '0.7.4' ],
15 silly audit   'websocket-extensions': [ '0.1.4' ],
15 silly audit   wildcard: [ '2.0.1' ],
15 silly audit   wrappy: [ '1.0.2' ],
15 silly audit   ws: [ '8.17.1' ],
15 silly audit   y18n: [ '5.0.8' ],
15 silly audit   'yocto-queue': [ '1.1.1' ],
15 silly audit   'yoctocolors-cjs': [ '2.1.2' ],
15 silly audit   'zone.js': [ '0.14.10' ]
15 silly audit }
16 verbose reify failed optional dependency C:\prestaclub\frontend\Sistema-Prestaclub-v2-FRONTEND-main\node_modules\vite\node_modules\@esbuild\win32-ia32
17 silly reify mark deleted [
17 silly reify   'C:\\prestaclub\\frontend\\Sistema-Prestaclub-v2-FRONTEND-main\\node_modules\\vite\\node_modules\\@esbuild\\win32-ia32'
17 silly reify ]
18 verbose reify failed optional dependency C:\prestaclub\frontend\Sistema-Prestaclub-v2-FRONTEND-main\node_modules\vite\node_modules\@esbuild\win32-arm64
19 silly reify mark deleted [
19 silly reify   'C:\\prestaclub\\frontend\\Sistema-Prestaclub-v2-FRONTEND-main\\node_modules\\vite\\node_modules\\@esbuild\\win32-arm64'
19 silly reify ]
20 verbose reify failed optional dependency C:\prestaclub\frontend\Sistema-Prestaclub-v2-FRONTEND-main\node_modules\vite\node_modules\@esbuild\sunos-x64
21 silly reify mark deleted [
21 silly reify   'C:\\prestaclub\\frontend\\Sistema-Prestaclub-v2-FRONTEND-main\\node_modules\\vite\\node_modules\\@esbuild\\sunos-x64'
21 silly reify ]
22 verbose reify failed optional dependency C:\prestaclub\frontend\Sistema-Prestaclub-v2-FRONTEND-main\node_modules\vite\node_modules\@esbuild\openbsd-x64
23 silly reify mark deleted [
23 silly reify   'C:\\prestaclub\\frontend\\Sistema-Prestaclub-v2-FRONTEND-main\\node_modules\\vite\\node_modules\\@esbuild\\openbsd-x64'
23 silly reify ]
24 verbose reify failed optional dependency C:\prestaclub\frontend\Sistema-Prestaclub-v2-FRONTEND-main\node_modules\vite\node_modules\@esbuild\netbsd-x64
25 silly reify mark deleted [
25 silly reify   'C:\\prestaclub\\frontend\\Sistema-Prestaclub-v2-FRONTEND-main\\node_modules\\vite\\node_modules\\@esbuild\\netbsd-x64'
25 silly reify ]
26 verbose reify failed optional dependency C:\prestaclub\frontend\Sistema-Prestaclub-v2-FRONTEND-main\node_modules\vite\node_modules\@esbuild\linux-x64
27 silly reify mark deleted [
27 silly reify   'C:\\prestaclub\\frontend\\Sistema-Prestaclub-v2-FRONTEND-main\\node_modules\\vite\\node_modules\\@esbuild\\linux-x64'
27 silly reify ]
28 verbose reify failed optional dependency C:\prestaclub\frontend\Sistema-Prestaclub-v2-FRONTEND-main\node_modules\vite\node_modules\@esbuild\linux-s390x
29 silly reify mark deleted [
29 silly reify   'C:\\prestaclub\\frontend\\Sistema-Prestaclub-v2-FRONTEND-main\\node_modules\\vite\\node_modules\\@esbuild\\linux-s390x'
29 silly reify ]
30 verbose reify failed optional dependency C:\prestaclub\frontend\Sistema-Prestaclub-v2-FRONTEND-main\node_modules\vite\node_modules\@esbuild\linux-riscv64
31 silly reify mark deleted [
31 silly reify   'C:\\prestaclub\\frontend\\Sistema-Prestaclub-v2-FRONTEND-main\\node_modules\\vite\\node_modules\\@esbuild\\linux-riscv64'
31 silly reify ]
32 verbose reify failed optional dependency C:\prestaclub\frontend\Sistema-Prestaclub-v2-FRONTEND-main\node_modules\vite\node_modules\@esbuild\linux-ppc64
33 silly reify mark deleted [
33 silly reify   'C:\\prestaclub\\frontend\\Sistema-Prestaclub-v2-FRONTEND-main\\node_modules\\vite\\node_modules\\@esbuild\\linux-ppc64'
33 silly reify ]
34 verbose reify failed optional dependency C:\prestaclub\frontend\Sistema-Prestaclub-v2-FRONTEND-main\node_modules\vite\node_modules\@esbuild\linux-mips64el
35 silly reify mark deleted [
35 silly reify   'C:\\prestaclub\\frontend\\Sistema-Prestaclub-v2-FRONTEND-main\\node_modules\\vite\\node_modules\\@esbuild\\linux-mips64el'
35 silly reify ]
36 verbose reify failed optional dependency C:\prestaclub\frontend\Sistema-Prestaclub-v2-FRONTEND-main\node_modules\vite\node_modules\@esbuild\linux-loong64
37 silly reify mark deleted [
37 silly reify   'C:\\prestaclub\\frontend\\Sistema-Prestaclub-v2-FRONTEND-main\\node_modules\\vite\\node_modules\\@esbuild\\linux-loong64'
37 silly reify ]
38 verbose reify failed optional dependency C:\prestaclub\frontend\Sistema-Prestaclub-v2-FRONTEND-main\node_modules\vite\node_modules\@esbuild\linux-ia32
39 silly reify mark deleted [
39 silly reify   'C:\\prestaclub\\frontend\\Sistema-Prestaclub-v2-FRONTEND-main\\node_modules\\vite\\node_modules\\@esbuild\\linux-ia32'
39 silly reify ]
40 verbose reify failed optional dependency C:\prestaclub\frontend\Sistema-Prestaclub-v2-FRONTEND-main\node_modules\vite\node_modules\@esbuild\linux-arm64
41 silly reify mark deleted [
41 silly reify   'C:\\prestaclub\\frontend\\Sistema-Prestaclub-v2-FRONTEND-main\\node_modules\\vite\\node_modules\\@esbuild\\linux-arm64'
41 silly reify ]
42 verbose reify failed optional dependency C:\prestaclub\frontend\Sistema-Prestaclub-v2-FRONTEND-main\node_modules\vite\node_modules\@esbuild\linux-arm
43 silly reify mark deleted [
43 silly reify   'C:\\prestaclub\\frontend\\Sistema-Prestaclub-v2-FRONTEND-main\\node_modules\\vite\\node_modules\\@esbuild\\linux-arm'
43 silly reify ]
44 verbose reify failed optional dependency C:\prestaclub\frontend\Sistema-Prestaclub-v2-FRONTEND-main\node_modules\vite\node_modules\@esbuild\freebsd-x64
45 silly reify mark deleted [
45 silly reify   'C:\\prestaclub\\frontend\\Sistema-Prestaclub-v2-FRONTEND-main\\node_modules\\vite\\node_modules\\@esbuild\\freebsd-x64'
45 silly reify ]
46 verbose reify failed optional dependency C:\prestaclub\frontend\Sistema-Prestaclub-v2-FRONTEND-main\node_modules\vite\node_modules\@esbuild\freebsd-arm64
47 silly reify mark deleted [
47 silly reify   'C:\\prestaclub\\frontend\\Sistema-Prestaclub-v2-FRONTEND-main\\node_modules\\vite\\node_modules\\@esbuild\\freebsd-arm64'
47 silly reify ]
48 verbose reify failed optional dependency C:\prestaclub\frontend\Sistema-Prestaclub-v2-FRONTEND-main\node_modules\vite\node_modules\@esbuild\darwin-x64
49 silly reify mark deleted [
49 silly reify   'C:\\prestaclub\\frontend\\Sistema-Prestaclub-v2-FRONTEND-main\\node_modules\\vite\\node_modules\\@esbuild\\darwin-x64'
49 silly reify ]
50 verbose reify failed optional dependency C:\prestaclub\frontend\Sistema-Prestaclub-v2-FRONTEND-main\node_modules\vite\node_modules\@esbuild\darwin-arm64
51 silly reify mark deleted [
51 silly reify   'C:\\prestaclub\\frontend\\Sistema-Prestaclub-v2-FRONTEND-main\\node_modules\\vite\\node_modules\\@esbuild\\darwin-arm64'
51 silly reify ]
52 verbose reify failed optional dependency C:\prestaclub\frontend\Sistema-Prestaclub-v2-FRONTEND-main\node_modules\vite\node_modules\@esbuild\android-x64
53 silly reify mark deleted [
53 silly reify   'C:\\prestaclub\\frontend\\Sistema-Prestaclub-v2-FRONTEND-main\\node_modules\\vite\\node_modules\\@esbuild\\android-x64'
53 silly reify ]
54 verbose reify failed optional dependency C:\prestaclub\frontend\Sistema-Prestaclub-v2-FRONTEND-main\node_modules\vite\node_modules\@esbuild\android-arm64
55 silly reify mark deleted [
55 silly reify   'C:\\prestaclub\\frontend\\Sistema-Prestaclub-v2-FRONTEND-main\\node_modules\\vite\\node_modules\\@esbuild\\android-arm64'
55 silly reify ]
56 verbose reify failed optional dependency C:\prestaclub\frontend\Sistema-Prestaclub-v2-FRONTEND-main\node_modules\vite\node_modules\@esbuild\android-arm
57 silly reify mark deleted [
57 silly reify   'C:\\prestaclub\\frontend\\Sistema-Prestaclub-v2-FRONTEND-main\\node_modules\\vite\\node_modules\\@esbuild\\android-arm'
57 silly reify ]
58 verbose reify failed optional dependency C:\prestaclub\frontend\Sistema-Prestaclub-v2-FRONTEND-main\node_modules\vite\node_modules\@esbuild\aix-ppc64
59 silly reify mark deleted [
59 silly reify   'C:\\prestaclub\\frontend\\Sistema-Prestaclub-v2-FRONTEND-main\\node_modules\\vite\\node_modules\\@esbuild\\aix-ppc64'
59 silly reify ]
60 verbose reify failed optional dependency C:\prestaclub\frontend\Sistema-Prestaclub-v2-FRONTEND-main\node_modules\nice-napi
61 silly reify mark deleted [
61 silly reify   'C:\\prestaclub\\frontend\\Sistema-Prestaclub-v2-FRONTEND-main\\node_modules\\nice-napi'
61 silly reify ]
62 verbose reify failed optional dependency C:\prestaclub\frontend\Sistema-Prestaclub-v2-FRONTEND-main\node_modules\nice-napi\node_modules\node-addon-api
63 silly reify mark deleted [
63 silly reify   'C:\\prestaclub\\frontend\\Sistema-Prestaclub-v2-FRONTEND-main\\node_modules\\nice-napi\\node_modules\\node-addon-api'
63 silly reify ]
64 verbose reify failed optional dependency C:\prestaclub\frontend\Sistema-Prestaclub-v2-FRONTEND-main\node_modules\node-gyp-build
65 silly reify mark deleted [
65 silly reify   'C:\\prestaclub\\frontend\\Sistema-Prestaclub-v2-FRONTEND-main\\node_modules\\node-gyp-build',
65 silly reify   'C:\\prestaclub\\frontend\\Sistema-Prestaclub-v2-FRONTEND-main\\node_modules\\.bin\\node-gyp-build',
65 silly reify   'C:\\prestaclub\\frontend\\Sistema-Prestaclub-v2-FRONTEND-main\\node_modules\\.bin\\node-gyp-build.cmd',
65 silly reify   'C:\\prestaclub\\frontend\\Sistema-Prestaclub-v2-FRONTEND-main\\node_modules\\.bin\\node-gyp-build.ps1',
65 silly reify   'C:\\prestaclub\\frontend\\Sistema-Prestaclub-v2-FRONTEND-main\\node_modules\\.bin\\node-gyp-build-optional',
65 silly reify   'C:\\prestaclub\\frontend\\Sistema-Prestaclub-v2-FRONTEND-main\\node_modules\\.bin\\node-gyp-build-optional.cmd',
65 silly reify   'C:\\prestaclub\\frontend\\Sistema-Prestaclub-v2-FRONTEND-main\\node_modules\\.bin\\node-gyp-build-optional.ps1',
65 silly reify   'C:\\prestaclub\\frontend\\Sistema-Prestaclub-v2-FRONTEND-main\\node_modules\\.bin\\node-gyp-build-test',
65 silly reify   'C:\\prestaclub\\frontend\\Sistema-Prestaclub-v2-FRONTEND-main\\node_modules\\.bin\\node-gyp-build-test.cmd',
65 silly reify   'C:\\prestaclub\\frontend\\Sistema-Prestaclub-v2-FRONTEND-main\\node_modules\\.bin\\node-gyp-build-test.ps1'
65 silly reify ]
66 verbose reify failed optional dependency C:\prestaclub\frontend\Sistema-Prestaclub-v2-FRONTEND-main\node_modules\fsevents
67 silly reify mark deleted [
67 silly reify   'C:\\prestaclub\\frontend\\Sistema-Prestaclub-v2-FRONTEND-main\\node_modules\\fsevents'
67 silly reify ]
68 verbose reify failed optional dependency C:\prestaclub\frontend\Sistema-Prestaclub-v2-FRONTEND-main\node_modules\@rollup\rollup-win32-ia32-msvc
69 silly reify mark deleted [
69 silly reify   'C:\\prestaclub\\frontend\\Sistema-Prestaclub-v2-FRONTEND-main\\node_modules\\@rollup\\rollup-win32-ia32-msvc'
69 silly reify ]
70 verbose reify failed optional dependency C:\prestaclub\frontend\Sistema-Prestaclub-v2-FRONTEND-main\node_modules\@rollup\rollup-win32-arm64-msvc
71 silly reify mark deleted [
71 silly reify   'C:\\prestaclub\\frontend\\Sistema-Prestaclub-v2-FRONTEND-main\\node_modules\\@rollup\\rollup-win32-arm64-msvc'
71 silly reify ]
72 verbose reify failed optional dependency C:\prestaclub\frontend\Sistema-Prestaclub-v2-FRONTEND-main\node_modules\@rollup\rollup-linux-x64-musl
73 silly reify mark deleted [
73 silly reify   'C:\\prestaclub\\frontend\\Sistema-Prestaclub-v2-FRONTEND-main\\node_modules\\@rollup\\rollup-linux-x64-musl'
73 silly reify ]
74 verbose reify failed optional dependency C:\prestaclub\frontend\Sistema-Prestaclub-v2-FRONTEND-main\node_modules\@rollup\rollup-linux-x64-gnu
75 silly reify mark deleted [
75 silly reify   'C:\\prestaclub\\frontend\\Sistema-Prestaclub-v2-FRONTEND-main\\node_modules\\@rollup\\rollup-linux-x64-gnu'
75 silly reify ]
76 verbose reify failed optional dependency C:\prestaclub\frontend\Sistema-Prestaclub-v2-FRONTEND-main\node_modules\@rollup\rollup-linux-s390x-gnu
77 silly reify mark deleted [
77 silly reify   'C:\\prestaclub\\frontend\\Sistema-Prestaclub-v2-FRONTEND-main\\node_modules\\@rollup\\rollup-linux-s390x-gnu'
77 silly reify ]
78 verbose reify failed optional dependency C:\prestaclub\frontend\Sistema-Prestaclub-v2-FRONTEND-main\node_modules\@rollup\rollup-linux-riscv64-gnu
79 silly reify mark deleted [
79 silly reify   'C:\\prestaclub\\frontend\\Sistema-Prestaclub-v2-FRONTEND-main\\node_modules\\@rollup\\rollup-linux-riscv64-gnu'
79 silly reify ]
80 verbose reify failed optional dependency C:\prestaclub\frontend\Sistema-Prestaclub-v2-FRONTEND-main\node_modules\@rollup\rollup-linux-powerpc64le-gnu
81 silly reify mark deleted [
81 silly reify   'C:\\prestaclub\\frontend\\Sistema-Prestaclub-v2-FRONTEND-main\\node_modules\\@rollup\\rollup-linux-powerpc64le-gnu'
81 silly reify ]
82 verbose reify failed optional dependency C:\prestaclub\frontend\Sistema-Prestaclub-v2-FRONTEND-main\node_modules\@rollup\rollup-linux-arm64-musl
83 silly reify mark deleted [
83 silly reify   'C:\\prestaclub\\frontend\\Sistema-Prestaclub-v2-FRONTEND-main\\node_modules\\@rollup\\rollup-linux-arm64-musl'
83 silly reify ]
84 verbose reify failed optional dependency C:\prestaclub\frontend\Sistema-Prestaclub-v2-FRONTEND-main\node_modules\@rollup\rollup-linux-arm64-gnu
85 silly reify mark deleted [
85 silly reify   'C:\\prestaclub\\frontend\\Sistema-Prestaclub-v2-FRONTEND-main\\node_modules\\@rollup\\rollup-linux-arm64-gnu'
85 silly reify ]
86 verbose reify failed optional dependency C:\prestaclub\frontend\Sistema-Prestaclub-v2-FRONTEND-main\node_modules\@rollup\rollup-linux-arm-musleabihf
87 silly reify mark deleted [
87 silly reify   'C:\\prestaclub\\frontend\\Sistema-Prestaclub-v2-FRONTEND-main\\node_modules\\@rollup\\rollup-linux-arm-musleabihf'
87 silly reify ]
88 verbose reify failed optional dependency C:\prestaclub\frontend\Sistema-Prestaclub-v2-FRONTEND-main\node_modules\@rollup\rollup-linux-arm-gnueabihf
89 silly reify mark deleted [
89 silly reify   'C:\\prestaclub\\frontend\\Sistema-Prestaclub-v2-FRONTEND-main\\node_modules\\@rollup\\rollup-linux-arm-gnueabihf'
89 silly reify ]
90 verbose reify failed optional dependency C:\prestaclub\frontend\Sistema-Prestaclub-v2-FRONTEND-main\node_modules\@rollup\rollup-darwin-x64
91 silly reify mark deleted [
91 silly reify   'C:\\prestaclub\\frontend\\Sistema-Prestaclub-v2-FRONTEND-main\\node_modules\\@rollup\\rollup-darwin-x64'
91 silly reify ]
92 verbose reify failed optional dependency C:\prestaclub\frontend\Sistema-Prestaclub-v2-FRONTEND-main\node_modules\@rollup\rollup-darwin-arm64
93 silly reify mark deleted [
93 silly reify   'C:\\prestaclub\\frontend\\Sistema-Prestaclub-v2-FRONTEND-main\\node_modules\\@rollup\\rollup-darwin-arm64'
93 silly reify ]
94 verbose reify failed optional dependency C:\prestaclub\frontend\Sistema-Prestaclub-v2-FRONTEND-main\node_modules\@rollup\rollup-android-arm64
95 silly reify mark deleted [
95 silly reify   'C:\\prestaclub\\frontend\\Sistema-Prestaclub-v2-FRONTEND-main\\node_modules\\@rollup\\rollup-android-arm64'
95 silly reify ]
96 verbose reify failed optional dependency C:\prestaclub\frontend\Sistema-Prestaclub-v2-FRONTEND-main\node_modules\@rollup\rollup-android-arm-eabi
97 silly reify mark deleted [
97 silly reify   'C:\\prestaclub\\frontend\\Sistema-Prestaclub-v2-FRONTEND-main\\node_modules\\@rollup\\rollup-android-arm-eabi'
97 silly reify ]
98 verbose reify failed optional dependency C:\prestaclub\frontend\Sistema-Prestaclub-v2-FRONTEND-main\node_modules\@msgpackr-extract\msgpackr-extract-linux-x64
99 silly reify mark deleted [
99 silly reify   'C:\\prestaclub\\frontend\\Sistema-Prestaclub-v2-FRONTEND-main\\node_modules\\@msgpackr-extract\\msgpackr-extract-linux-x64'
99 silly reify ]
100 verbose reify failed optional dependency C:\prestaclub\frontend\Sistema-Prestaclub-v2-FRONTEND-main\node_modules\@msgpackr-extract\msgpackr-extract-linux-arm64
101 silly reify mark deleted [
101 silly reify   'C:\\prestaclub\\frontend\\Sistema-Prestaclub-v2-FRONTEND-main\\node_modules\\@msgpackr-extract\\msgpackr-extract-linux-arm64'
101 silly reify ]
102 verbose reify failed optional dependency C:\prestaclub\frontend\Sistema-Prestaclub-v2-FRONTEND-main\node_modules\@msgpackr-extract\msgpackr-extract-linux-arm
103 silly reify mark deleted [
103 silly reify   'C:\\prestaclub\\frontend\\Sistema-Prestaclub-v2-FRONTEND-main\\node_modules\\@msgpackr-extract\\msgpackr-extract-linux-arm'
103 silly reify ]
104 verbose reify failed optional dependency C:\prestaclub\frontend\Sistema-Prestaclub-v2-FRONTEND-main\node_modules\@msgpackr-extract\msgpackr-extract-darwin-x64
105 silly reify mark deleted [
105 silly reify   'C:\\prestaclub\\frontend\\Sistema-Prestaclub-v2-FRONTEND-main\\node_modules\\@msgpackr-extract\\msgpackr-extract-darwin-x64'
105 silly reify ]
106 verbose reify failed optional dependency C:\prestaclub\frontend\Sistema-Prestaclub-v2-FRONTEND-main\node_modules\@msgpackr-extract\msgpackr-extract-darwin-arm64
107 silly reify mark deleted [
107 silly reify   'C:\\prestaclub\\frontend\\Sistema-Prestaclub-v2-FRONTEND-main\\node_modules\\@msgpackr-extract\\msgpackr-extract-darwin-arm64'
107 silly reify ]
108 verbose reify failed optional dependency C:\prestaclub\frontend\Sistema-Prestaclub-v2-FRONTEND-main\node_modules\@lmdb\lmdb-linux-x64
109 silly reify mark deleted [
109 silly reify   'C:\\prestaclub\\frontend\\Sistema-Prestaclub-v2-FRONTEND-main\\node_modules\\@lmdb\\lmdb-linux-x64'
109 silly reify ]
110 verbose reify failed optional dependency C:\prestaclub\frontend\Sistema-Prestaclub-v2-FRONTEND-main\node_modules\@lmdb\lmdb-linux-arm64
111 silly reify mark deleted [
111 silly reify   'C:\\prestaclub\\frontend\\Sistema-Prestaclub-v2-FRONTEND-main\\node_modules\\@lmdb\\lmdb-linux-arm64'
111 silly reify ]
112 verbose reify failed optional dependency C:\prestaclub\frontend\Sistema-Prestaclub-v2-FRONTEND-main\node_modules\@lmdb\lmdb-linux-arm
113 silly reify mark deleted [
113 silly reify   'C:\\prestaclub\\frontend\\Sistema-Prestaclub-v2-FRONTEND-main\\node_modules\\@lmdb\\lmdb-linux-arm'
113 silly reify ]
114 verbose reify failed optional dependency C:\prestaclub\frontend\Sistema-Prestaclub-v2-FRONTEND-main\node_modules\@lmdb\lmdb-darwin-x64
115 silly reify mark deleted [
115 silly reify   'C:\\prestaclub\\frontend\\Sistema-Prestaclub-v2-FRONTEND-main\\node_modules\\@lmdb\\lmdb-darwin-x64'
115 silly reify ]
116 verbose reify failed optional dependency C:\prestaclub\frontend\Sistema-Prestaclub-v2-FRONTEND-main\node_modules\@lmdb\lmdb-darwin-arm64
117 silly reify mark deleted [
117 silly reify   'C:\\prestaclub\\frontend\\Sistema-Prestaclub-v2-FRONTEND-main\\node_modules\\@lmdb\\lmdb-darwin-arm64'
117 silly reify ]
118 verbose reify failed optional dependency C:\prestaclub\frontend\Sistema-Prestaclub-v2-FRONTEND-main\node_modules\@esbuild\win32-ia32
119 silly reify mark deleted [
119 silly reify   'C:\\prestaclub\\frontend\\Sistema-Prestaclub-v2-FRONTEND-main\\node_modules\\@esbuild\\win32-ia32'
119 silly reify ]
120 verbose reify failed optional dependency C:\prestaclub\frontend\Sistema-Prestaclub-v2-FRONTEND-main\node_modules\@esbuild\win32-arm64
121 silly reify mark deleted [
121 silly reify   'C:\\prestaclub\\frontend\\Sistema-Prestaclub-v2-FRONTEND-main\\node_modules\\@esbuild\\win32-arm64'
121 silly reify ]
122 verbose reify failed optional dependency C:\prestaclub\frontend\Sistema-Prestaclub-v2-FRONTEND-main\node_modules\@esbuild\sunos-x64
123 silly reify mark deleted [
123 silly reify   'C:\\prestaclub\\frontend\\Sistema-Prestaclub-v2-FRONTEND-main\\node_modules\\@esbuild\\sunos-x64'
123 silly reify ]
124 verbose reify failed optional dependency C:\prestaclub\frontend\Sistema-Prestaclub-v2-FRONTEND-main\node_modules\@esbuild\openbsd-x64
125 silly reify mark deleted [
125 silly reify   'C:\\prestaclub\\frontend\\Sistema-Prestaclub-v2-FRONTEND-main\\node_modules\\@esbuild\\openbsd-x64'
125 silly reify ]
126 verbose reify failed optional dependency C:\prestaclub\frontend\Sistema-Prestaclub-v2-FRONTEND-main\node_modules\@esbuild\openbsd-arm64
127 silly reify mark deleted [
127 silly reify   'C:\\prestaclub\\frontend\\Sistema-Prestaclub-v2-FRONTEND-main\\node_modules\\@esbuild\\openbsd-arm64'
127 silly reify ]
128 verbose reify failed optional dependency C:\prestaclub\frontend\Sistema-Prestaclub-v2-FRONTEND-main\node_modules\@esbuild\netbsd-x64
129 silly reify mark deleted [
129 silly reify   'C:\\prestaclub\\frontend\\Sistema-Prestaclub-v2-FRONTEND-main\\node_modules\\@esbuild\\netbsd-x64'
129 silly reify ]
130 verbose reify failed optional dependency C:\prestaclub\frontend\Sistema-Prestaclub-v2-FRONTEND-main\node_modules\@esbuild\linux-x64
131 silly reify mark deleted [
131 silly reify   'C:\\prestaclub\\frontend\\Sistema-Prestaclub-v2-FRONTEND-main\\node_modules\\@esbuild\\linux-x64'
131 silly reify ]
132 verbose reify failed optional dependency C:\prestaclub\frontend\Sistema-Prestaclub-v2-FRONTEND-main\node_modules\@esbuild\linux-s390x
133 silly reify mark deleted [
133 silly reify   'C:\\prestaclub\\frontend\\Sistema-Prestaclub-v2-FRONTEND-main\\node_modules\\@esbuild\\linux-s390x'
133 silly reify ]
134 verbose reify failed optional dependency C:\prestaclub\frontend\Sistema-Prestaclub-v2-FRONTEND-main\node_modules\@esbuild\linux-riscv64
135 silly reify mark deleted [
135 silly reify   'C:\\prestaclub\\frontend\\Sistema-Prestaclub-v2-FRONTEND-main\\node_modules\\@esbuild\\linux-riscv64'
135 silly reify ]
136 verbose reify failed optional dependency C:\prestaclub\frontend\Sistema-Prestaclub-v2-FRONTEND-main\node_modules\@esbuild\linux-ppc64
137 silly reify mark deleted [
137 silly reify   'C:\\prestaclub\\frontend\\Sistema-Prestaclub-v2-FRONTEND-main\\node_modules\\@esbuild\\linux-ppc64'
137 silly reify ]
138 verbose reify failed optional dependency C:\prestaclub\frontend\Sistema-Prestaclub-v2-FRONTEND-main\node_modules\@esbuild\linux-mips64el
139 silly reify mark deleted [
139 silly reify   'C:\\prestaclub\\frontend\\Sistema-Prestaclub-v2-FRONTEND-main\\node_modules\\@esbuild\\linux-mips64el'
139 silly reify ]
140 verbose reify failed optional dependency C:\prestaclub\frontend\Sistema-Prestaclub-v2-FRONTEND-main\node_modules\@esbuild\linux-loong64
141 silly reify mark deleted [
141 silly reify   'C:\\prestaclub\\frontend\\Sistema-Prestaclub-v2-FRONTEND-main\\node_modules\\@esbuild\\linux-loong64'
141 silly reify ]
142 verbose reify failed optional dependency C:\prestaclub\frontend\Sistema-Prestaclub-v2-FRONTEND-main\node_modules\@esbuild\linux-ia32
143 silly reify mark deleted [
143 silly reify   'C:\\prestaclub\\frontend\\Sistema-Prestaclub-v2-FRONTEND-main\\node_modules\\@esbuild\\linux-ia32'
143 silly reify ]
144 verbose reify failed optional dependency C:\prestaclub\frontend\Sistema-Prestaclub-v2-FRONTEND-main\node_modules\@esbuild\linux-arm64
145 silly reify mark deleted [
145 silly reify   'C:\\prestaclub\\frontend\\Sistema-Prestaclub-v2-FRONTEND-main\\node_modules\\@esbuild\\linux-arm64'
145 silly reify ]
146 verbose reify failed optional dependency C:\prestaclub\frontend\Sistema-Prestaclub-v2-FRONTEND-main\node_modules\@esbuild\linux-arm
147 silly reify mark deleted [
147 silly reify   'C:\\prestaclub\\frontend\\Sistema-Prestaclub-v2-FRONTEND-main\\node_modules\\@esbuild\\linux-arm'
147 silly reify ]
148 verbose reify failed optional dependency C:\prestaclub\frontend\Sistema-Prestaclub-v2-FRONTEND-main\node_modules\@esbuild\freebsd-x64
149 silly reify mark deleted [
149 silly reify   'C:\\prestaclub\\frontend\\Sistema-Prestaclub-v2-FRONTEND-main\\node_modules\\@esbuild\\freebsd-x64'
149 silly reify ]
150 verbose reify failed optional dependency C:\prestaclub\frontend\Sistema-Prestaclub-v2-FRONTEND-main\node_modules\@esbuild\freebsd-arm64
151 silly reify mark deleted [
151 silly reify   'C:\\prestaclub\\frontend\\Sistema-Prestaclub-v2-FRONTEND-main\\node_modules\\@esbuild\\freebsd-arm64'
151 silly reify ]
152 verbose reify failed optional dependency C:\prestaclub\frontend\Sistema-Prestaclub-v2-FRONTEND-main\node_modules\@esbuild\darwin-x64
153 silly reify mark deleted [
153 silly reify   'C:\\prestaclub\\frontend\\Sistema-Prestaclub-v2-FRONTEND-main\\node_modules\\@esbuild\\darwin-x64'
153 silly reify ]
154 verbose reify failed optional dependency C:\prestaclub\frontend\Sistema-Prestaclub-v2-FRONTEND-main\node_modules\@esbuild\darwin-arm64
155 silly reify mark deleted [
155 silly reify   'C:\\prestaclub\\frontend\\Sistema-Prestaclub-v2-FRONTEND-main\\node_modules\\@esbuild\\darwin-arm64'
155 silly reify ]
156 verbose reify failed optional dependency C:\prestaclub\frontend\Sistema-Prestaclub-v2-FRONTEND-main\node_modules\@esbuild\android-x64
157 silly reify mark deleted [
157 silly reify   'C:\\prestaclub\\frontend\\Sistema-Prestaclub-v2-FRONTEND-main\\node_modules\\@esbuild\\android-x64'
157 silly reify ]
158 verbose reify failed optional dependency C:\prestaclub\frontend\Sistema-Prestaclub-v2-FRONTEND-main\node_modules\@esbuild\android-arm64
159 silly reify mark deleted [
159 silly reify   'C:\\prestaclub\\frontend\\Sistema-Prestaclub-v2-FRONTEND-main\\node_modules\\@esbuild\\android-arm64'
159 silly reify ]
160 verbose reify failed optional dependency C:\prestaclub\frontend\Sistema-Prestaclub-v2-FRONTEND-main\node_modules\@esbuild\android-arm
161 silly reify mark deleted [
161 silly reify   'C:\\prestaclub\\frontend\\Sistema-Prestaclub-v2-FRONTEND-main\\node_modules\\@esbuild\\android-arm'
161 silly reify ]
162 verbose reify failed optional dependency C:\prestaclub\frontend\Sistema-Prestaclub-v2-FRONTEND-main\node_modules\@esbuild\aix-ppc64
163 silly reify mark deleted [
163 silly reify   'C:\\prestaclub\\frontend\\Sistema-Prestaclub-v2-FRONTEND-main\\node_modules\\@esbuild\\aix-ppc64'
163 silly reify ]
164 http fetch POST 200 https://registry.npmjs.org/-/npm/v1/security/advisories/bulk 5577ms
165 silly audit report {}
166 warn deprecated @types/chartist@1.0.0: This is a stub types definition. chartist provides its own type definitions, so you do not need this installed.
167 warn deprecated @types/datatables.net@1.12.0: This is a stub types definition. datatables.net provides its own type definitions, so you do not need this installed.
168 warn deprecated inflight@1.0.6: This module is not supported, and leaks memory. Do not use it. Check out lru-cache if you want a good and tested way to coalesce async requests by a key value, which is much more comprehensive and powerful.
169 warn deprecated rimraf@3.0.2: Rimraf versions prior to v4 are no longer supported
170 warn deprecated glob@7.2.3: Glob versions prior to v9 are no longer supported
171 warn cleanup Failed to remove some directories [
171 warn cleanup   [
171 warn cleanup     'C:\\prestaclub\\frontend\\Sistema-Prestaclub-v2-FRONTEND-main\\node_modules\\@angular\\compiler-cli',
171 warn cleanup     [Error: EPERM: operation not permitted, rmdir 'C:\prestaclub\frontend\Sistema-Prestaclub-v2-FRONTEND-main\node_modules\@angular\compiler-cli\src\ngtsc'] {
171 warn cleanup       errno: -4048,
171 warn cleanup       code: 'EPERM',
171 warn cleanup       syscall: 'rmdir',
171 warn cleanup       path: 'C:\\prestaclub\\frontend\\Sistema-Prestaclub-v2-FRONTEND-main\\node_modules\\@angular\\compiler-cli\\src\\ngtsc'
171 warn cleanup     }
171 warn cleanup   ],
171 warn cleanup   [
171 warn cleanup     'C:\\prestaclub\\frontend\\Sistema-Prestaclub-v2-FRONTEND-main\\node_modules\\@angular\\compiler',
171 warn cleanup     [Error: EPERM: operation not permitted, rmdir 'C:\prestaclub\frontend\Sistema-Prestaclub-v2-FRONTEND-main\node_modules\@angular\compiler\esm2022\src\template'] {
171 warn cleanup       errno: -4048,
171 warn cleanup       code: 'EPERM',
171 warn cleanup       syscall: 'rmdir',
171 warn cleanup       path: 'C:\\prestaclub\\frontend\\Sistema-Prestaclub-v2-FRONTEND-main\\node_modules\\@angular\\compiler\\esm2022\\src\\template'
171 warn cleanup     }
171 warn cleanup   ]
171 warn cleanup ]
172 verbose stack Error: process terminated
172 verbose stack     at C:\Users\yr103482\AppData\Roaming\npm\node_modules\npm\node_modules\@npmcli\arborist\lib\arborist\reify.js:293:39
172 verbose stack     at process.<anonymous> (C:\Users\yr103482\AppData\Roaming\npm\node_modules\npm\node_modules\@npmcli\arborist\lib\signal-handling.js:53:5)
172 verbose stack     at process.emit (node:events:519:28)
173 error process terminated
174 error signal SIGINT
175 silly unfinished npm timer reify 1725987757281
176 verbose cwd C:\prestaclub\frontend\Sistema-Prestaclub-v2-FRONTEND-main
177 verbose os Windows_NT 10.0.22631
178 verbose node v20.16.0
179 verbose npm  v10.8.3
180 verbose exit 1
181 verbose code 1
182 error A complete log of this run can be found in: C:\prestaclub\frontend\Sistema-Prestaclub-v2-FRONTEND-main\.npm\_logs\2024-09-10T17_02_16_010Z-debug-0.log
